<!DOCTYPE html>
<html>
<head>
<meta http-equiv="Content-Type" content="text/html; charset=utf-8"/>
<meta http-equiv="x-ua-compatible" content="IE=edge"/>
<title>Test results - PUT /me/profile</title>
<link href="../css/base-style.css" rel="stylesheet" type="text/css"/>
<link href="../css/style.css" rel="stylesheet" type="text/css"/>
<script src="../js/report.js" type="text/javascript"></script>
</head>
<body>
<div id="content">
<h1>PUT /me/profile</h1>
<div class="breadcrumbs">
<a href="../index.html">all</a> &gt; 
<a href="../packages/com.estim.javaapi.controllers.html">com.estim.javaapi.controllers</a> &gt; ProfileControllerTest$UpdateProfileTests</div>
<div id="summary">
<table>
<tr>
<td>
<div class="summaryGroup">
<table>
<tr>
<td>
<div class="infoBox" id="tests">
<div class="counter">3</div>
<p>tests</p>
</div>
</td>
<td>
<div class="infoBox" id="failures">
<div class="counter">0</div>
<p>failures</p>
</div>
</td>
<td>
<div class="infoBox" id="ignored">
<div class="counter">0</div>
<p>ignored</p>
</div>
</td>
<td>
<div class="infoBox" id="duration">
<div class="counter">0.024s</div>
<p>duration</p>
</div>
</td>
</tr>
</table>
</div>
</td>
<td>
<div class="infoBox success" id="successRate">
<div class="percent">100%</div>
<p>successful</p>
</div>
</td>
</tr>
</table>
</div>
<div class="tab-container">
<ul class="tabLinks">
<li>
<a href="#">Tests</a>
</li>
<li>
<a href="#">Standard output</a>
</li>
</ul>
<div class="tab">
<h2>Tests</h2>
<table>
<thead>
<tr>
<th>Test</th>
<th>Method name</th>
<th>Duration</th>
<th>Result</th>
</tr>
</thead>
<tr>
<td class="success">should return 400 PROFILE_UPDATE_FAILED when not authenticated</td>
<td class="success">updateProfileNotAuthenticated()</td>
<td class="success">0.006s</td>
<td class="success">passed</td>
</tr>
<tr>
<td class="success">should return 400 PROFILE_UPDATE_FAILED when update service throws IllegalArgumentException</td>
<td class="success">updateProfileServiceValidationError()</td>
<td class="success">0.012s</td>
<td class="success">passed</td>
</tr>
<tr>
<td class="success">should update profile for authenticated user and return 204</td>
<td class="success">updateProfileSuccess()</td>
<td class="success">0.006s</td>
<td class="success">passed</td>
</tr>
</table>
</div>
<div class="tab">
<h2>Standard output</h2>
<span class="code">
<pre>2025-11-20T21:39:16.311-05:00  INFO 156445 --- [java-api] [    Test worker] t.c.s.AnnotationConfigContextLoaderUtils : Could not detect default configuration classes for test class [com.estim.javaapi.controllers.ProfileControllerTest$UpdateProfileTests]: UpdateProfileTests does not declare any static, non-private, non-final, nested classes annotated with @Configuration.
2025-11-20T21:39:16.312-05:00  INFO 156445 --- [java-api] [    Test worker] .b.t.c.SpringBootTestContextBootstrapper : Found @SpringBootConfiguration com.estim.javaapi.JavaApiApplication for test class com.estim.javaapi.controllers.ProfileControllerTest$UpdateProfileTests

  .   ____          _            __ _ _
 /\\ / ___'_ __ _ _(_)_ __  __ _ \ \ \ \
( ( )\___ | '_ | '_| | '_ \/ _` | \ \ \ \
 \\/  ___)| |_)| | | | | || (_| |  ) ) ) )
  '  |____| .__|_| |_|_| |_\__, | / / / /
 =========|_|==============|___/=/_/_/_/

 :: Spring Boot ::                (v3.5.7)

2025-11-20T21:39:16.329-05:00  INFO 156445 --- [java-api] [    Test worker] c.e.j.controllers.ProfileControllerTest  : Starting ProfileControllerTest using Java 21.0.8 with PID 156445 (started by jujgomezru in /home/jujgomezru/unal/ingenieriaDeSoftwareII/ESTIM/Final-Project/apps/java-backend)
2025-11-20T21:39:16.329-05:00  INFO 156445 --- [java-api] [    Test worker] c.e.j.controllers.ProfileControllerTest  : No active profile set, falling back to 1 default profile: &quot;default&quot;
2025-11-20T21:39:16.447-05:00  INFO 156445 --- [java-api] [    Test worker] .s.d.r.c.RepositoryConfigurationDelegate : Bootstrapping Spring Data JPA repositories in DEFAULT mode.
2025-11-20T21:39:16.457-05:00  INFO 156445 --- [java-api] [    Test worker] .s.d.r.c.RepositoryConfigurationDelegate : Finished Spring Data repository scanning in 8 ms. Found 6 JPA repository interfaces.
2025-11-20T21:39:16.656-05:00  INFO 156445 --- [java-api] [    Test worker] o.hibernate.jpa.internal.util.LogHelper  : HHH000204: Processing PersistenceUnitInfo [name: default]
2025-11-20T21:39:16.658-05:00  INFO 156445 --- [java-api] [    Test worker] o.h.c.internal.RegionFactoryInitiator    : HHH000026: Second-level cache disabled
2025-11-20T21:39:16.664-05:00  INFO 156445 --- [java-api] [    Test worker] o.s.o.j.p.SpringPersistenceUnitInfo      : No LoadTimeWeaver setup: ignoring JPA class transformer
2025-11-20T21:39:16.665-05:00  INFO 156445 --- [java-api] [    Test worker] com.zaxxer.hikari.HikariDataSource       : HikariPool-5 - Starting...
2025-11-20T21:39:16.687-05:00  INFO 156445 --- [java-api] [    Test worker] com.zaxxer.hikari.pool.HikariPool        : HikariPool-5 - Added connection org.postgresql.jdbc.PgConnection@69a1186c
2025-11-20T21:39:16.687-05:00  INFO 156445 --- [java-api] [    Test worker] com.zaxxer.hikari.HikariDataSource       : HikariPool-5 - Start completed.
2025-11-20T21:39:16.690-05:00  WARN 156445 --- [java-api] [    Test worker] org.hibernate.orm.deprecation            : HHH90000025: PostgreSQLDialect does not need to be specified explicitly using 'hibernate.dialect' (remove the property setting and it will be selected by default)
2025-11-20T21:39:16.692-05:00  INFO 156445 --- [java-api] [    Test worker] org.hibernate.orm.connections.pooling    : HHH10001005: Database info:
	Database JDBC URL [Connecting through datasource 'HikariDataSource (HikariPool-5)']
	Database driver: undefined/unknown
	Database version: 16.10
	Autocommit mode: undefined/unknown
	Isolation level: undefined/unknown
	Minimum pool size: undefined/unknown
	Maximum pool size: undefined/unknown
2025-11-20T21:39:16.747-05:00  INFO 156445 --- [java-api] [    Test worker] o.h.e.t.j.p.i.JtaPlatformInitiator       : HHH000489: No JTA platform available (set 'hibernate.transaction.jta.platform' to enable JTA platform integration)
2025-11-20T21:39:16.748-05:00  INFO 156445 --- [java-api] [    Test worker] j.LocalContainerEntityManagerFactoryBean : Initialized JPA EntityManagerFactory for persistence unit 'default'
2025-11-20T21:39:16.846-05:00  WARN 156445 --- [java-api] [    Test worker] JpaBaseConfiguration$JpaWebConfiguration : spring.jpa.open-in-view is enabled by default. Therefore, database queries may be performed during view rendering. Explicitly configure spring.jpa.open-in-view to disable this warning
2025-11-20T21:39:16.902-05:00  INFO 156445 --- [java-api] [    Test worker] o.s.b.a.e.web.EndpointLinksResolver      : Exposing 1 endpoint beneath base path '/actuator'
2025-11-20T21:39:16.908-05:00  WARN 156445 --- [java-api] [    Test worker] .s.s.UserDetailsServiceAutoConfiguration : 

Using generated security password: 5fcab4c6-a0b6-4b4f-93f5-48055018b3b7

This generated password is for development use only. Your security configuration must be updated before running your application in production.

2025-11-20T21:39:16.908-05:00  INFO 156445 --- [java-api] [    Test worker] r$InitializeUserDetailsManagerConfigurer : Global AuthenticationManager configured with UserDetailsService bean with name inMemoryUserDetailsManager
2025-11-20T21:39:16.948-05:00  INFO 156445 --- [java-api] [    Test worker] o.s.b.t.m.w.SpringBootMockServletContext : Initializing Spring TestDispatcherServlet ''
2025-11-20T21:39:16.949-05:00  INFO 156445 --- [java-api] [    Test worker] o.s.t.web.servlet.TestDispatcherServlet  : Initializing Servlet ''
2025-11-20T21:39:16.949-05:00  INFO 156445 --- [java-api] [    Test worker] o.s.t.web.servlet.TestDispatcherServlet  : Completed initialization in 0 ms
2025-11-20T21:39:16.957-05:00  INFO 156445 --- [java-api] [    Test worker] c.e.j.controllers.ProfileControllerTest  : Started ProfileControllerTest in 0.642 seconds (process running for 11.548)

MockHttpServletRequest:
      HTTP Method = PUT
      Request URI = /me/profile
       Parameters = {}
          Headers = [Content-Type:&quot;application/json&quot;, Authorization:&quot;Bearer valid-token&quot;, Content-Length:&quot;129&quot;]
             Body = &lt;no character encoding set&gt;
    Session Attrs = {}

Handler:
             Type = com.estim.javaapi.controllers.ProfileController
           Method = com.estim.javaapi.controllers.ProfileController#updateProfile(String, UpdateUserProfileRequest)

Async:
    Async started = false
     Async result = null

Resolved Exception:
             Type = null

ModelAndView:
        View name = null
             View = null
            Model = null

FlashMap:
       Attributes = null

MockHttpServletResponse:
           Status = 400
    Error message = null
          Headers = [Content-Type:&quot;application/json&quot;]
     Content type = application/json
             Body = {&quot;code&quot;:&quot;PROFILE_UPDATE_FAILED&quot;,&quot;message&quot;:&quot;Invalid display name&quot;,&quot;details&quot;:null}
    Forwarded URL = null
   Redirected URL = null
          Cookies = []

MockHttpServletRequest:
      HTTP Method = PUT
      Request URI = /me/profile
       Parameters = {}
          Headers = [Content-Type:&quot;application/json&quot;, Authorization:&quot;Bearer valid-token&quot;, Content-Length:&quot;174&quot;]
             Body = &lt;no character encoding set&gt;
    Session Attrs = {}

Handler:
             Type = com.estim.javaapi.controllers.ProfileController
           Method = com.estim.javaapi.controllers.ProfileController#updateProfile(String, UpdateUserProfileRequest)

Async:
    Async started = false
     Async result = null

Resolved Exception:
             Type = null

ModelAndView:
        View name = null
             View = null
            Model = null

FlashMap:
       Attributes = null

MockHttpServletResponse:
           Status = 204
    Error message = null
          Headers = []
     Content type = null
             Body = 
    Forwarded URL = null
   Redirected URL = null
          Cookies = []

MockHttpServletRequest:
      HTTP Method = PUT
      Request URI = /me/profile
       Parameters = {}
          Headers = [Content-Type:&quot;application/json&quot;, Content-Length:&quot;160&quot;]
             Body = &lt;no character encoding set&gt;
    Session Attrs = {}

Handler:
             Type = com.estim.javaapi.controllers.ProfileController
           Method = com.estim.javaapi.controllers.ProfileController#updateProfile(String, UpdateUserProfileRequest)

Async:
    Async started = false
     Async result = null

Resolved Exception:
             Type = null

ModelAndView:
        View name = null
             View = null
            Model = null

FlashMap:
       Attributes = null

MockHttpServletResponse:
           Status = 400
    Error message = null
          Headers = [Content-Type:&quot;application/json&quot;]
     Content type = application/json
             Body = {&quot;code&quot;:&quot;PROFILE_UPDATE_FAILED&quot;,&quot;message&quot;:&quot;Missing Authorization header&quot;,&quot;details&quot;:null}
    Forwarded URL = null
   Redirected URL = null
          Cookies = []
</pre>
</span>
</div>
</div>
<div id="footer">
<p>
<div>
<label class="hidden" id="label-for-line-wrapping-toggle" for="line-wrapping-toggle">Wrap lines
<input id="line-wrapping-toggle" type="checkbox" autocomplete="off"/>
</label>
</div>Generated by 
<a href="https://www.gradle.org">Gradle 8.14.3</a> at Nov 20, 2025, 9:39:17â€¯PM</p>
</div>
</div>
</body>
</html>
