<?xml version="1.0" encoding="UTF-8"?>
<testsuite name="GET /auth/me" tests="4" skipped="0" failures="4" errors="0" timestamp="2025-11-21T02:39:12.937Z" hostname="DESKTOP-T5D8MHC" time="0.396">
  <properties/>
  <testcase name="should return 401 AUTH_FAILED when authenticationProvider throws IllegalArgumentException" classname="com.estim.javaapi.controllers.AuthControllerTest$MeTests" time="0.174">
    <failure message="java.lang.AssertionError: JSON path &quot;$.message&quot; expected:&lt;Invalid token&gt; but was:&lt;No authenticated user&gt;" type="java.lang.AssertionError">java.lang.AssertionError: JSON path &quot;$.message&quot; expected:&lt;Invalid token&gt; but was:&lt;No authenticated user&gt;
	at org.springframework.test.util.AssertionErrors.fail(AssertionErrors.java:61)
	at org.springframework.test.util.AssertionErrors.assertEquals(AssertionErrors.java:128)
	at org.springframework.test.util.JsonPathExpectationsHelper.assertValue(JsonPathExpectationsHelper.java:172)
	at org.springframework.test.web.servlet.result.JsonPathResultMatchers.lambda$value$2(JsonPathResultMatchers.java:112)
	at org.springframework.test.web.servlet.MockMvc$1.andExpect(MockMvc.java:214)
	at com.estim.javaapi.controllers.AuthControllerTest$MeTests.meAuthenticationFailsIllegalArgument(AuthControllerTest.java:412)
	at java.base/java.lang.reflect.Method.invoke(Method.java:580)
	at java.base/java.util.ArrayList.forEach(ArrayList.java:1596)
	at java.base/java.util.ArrayList.forEach(ArrayList.java:1596)
	at java.base/java.util.ArrayList.forEach(ArrayList.java:1596)
</failure>
  </testcase>
  <testcase name="should return 401 AUTH_FAILED when Authorization header is missing" classname="com.estim.javaapi.controllers.AuthControllerTest$MeTests" time="0.015">
    <failure message="java.lang.AssertionError: JSON path &quot;$.message&quot; expected:&lt;Missing Authorization header&gt; but was:&lt;No authenticated user&gt;" type="java.lang.AssertionError">java.lang.AssertionError: JSON path &quot;$.message&quot; expected:&lt;Missing Authorization header&gt; but was:&lt;No authenticated user&gt;
	at org.springframework.test.util.AssertionErrors.fail(AssertionErrors.java:61)
	at org.springframework.test.util.AssertionErrors.assertEquals(AssertionErrors.java:128)
	at org.springframework.test.util.JsonPathExpectationsHelper.assertValue(JsonPathExpectationsHelper.java:172)
	at org.springframework.test.web.servlet.result.JsonPathResultMatchers.lambda$value$2(JsonPathResultMatchers.java:112)
	at org.springframework.test.web.servlet.MockMvc$1.andExpect(MockMvc.java:214)
	at com.estim.javaapi.controllers.AuthControllerTest$MeTests.meMissingAuthorizationHeader(AuthControllerTest.java:468)
	at java.base/java.lang.reflect.Method.invoke(Method.java:580)
	at java.base/java.util.ArrayList.forEach(ArrayList.java:1596)
	at java.base/java.util.ArrayList.forEach(ArrayList.java:1596)
	at java.base/java.util.ArrayList.forEach(ArrayList.java:1596)
</failure>
  </testcase>
  <testcase name="should return 401 AUTH_FAILED when SecurityContext has no current user" classname="com.estim.javaapi.controllers.AuthControllerTest$MeTests" time="0.027">
    <failure message="Wanted but not invoked:&#10;jwtAuthenticationProvider.authenticateFromAuthorizationHeader(&#10;    &quot;Bearer token-without-user&quot;&#10;);&#10;-&gt; at com.estim.javaapi.infrastructure.security.JwtAuthenticationProvider.authenticateFromAuthorizationHeader(JwtAuthenticationProvider.java:21)&#10;Actually, there were zero interactions with this mock.&#10;" type="org.mockito.exceptions.verification.WantedButNotInvoked">Wanted but not invoked:
jwtAuthenticationProvider.authenticateFromAuthorizationHeader(
    &quot;Bearer token-without-user&quot;
);
-&gt; at com.estim.javaapi.infrastructure.security.JwtAuthenticationProvider.authenticateFromAuthorizationHeader(JwtAuthenticationProvider.java:21)
Actually, there were zero interactions with this mock.

	at app//com.estim.javaapi.infrastructure.security.JwtAuthenticationProvider.authenticateFromAuthorizationHeader(JwtAuthenticationProvider.java:21)
	at app//com.estim.javaapi.controllers.AuthControllerTest$MeTests.meNoCurrentUserInContext(AuthControllerTest.java:446)
	at java.base@21.0.8/java.lang.reflect.Method.invoke(Method.java:580)
	at java.base@21.0.8/java.util.ArrayList.forEach(ArrayList.java:1596)
	at java.base@21.0.8/java.util.ArrayList.forEach(ArrayList.java:1596)
	at java.base@21.0.8/java.util.ArrayList.forEach(ArrayList.java:1596)
</failure>
  </testcase>
  <testcase name="should authenticate from Authorization header, read current user from SecurityContext and return 200 + CurrentUserResponse" classname="com.estim.javaapi.controllers.AuthControllerTest$MeTests" time="0.172">
    <failure message="java.lang.AssertionError: Status expected:&lt;200&gt; but was:&lt;401&gt;" type="java.lang.AssertionError">java.lang.AssertionError: Status expected:&lt;200&gt; but was:&lt;401&gt;
	at org.springframework.test.util.AssertionErrors.fail(AssertionErrors.java:61)
	at org.springframework.test.util.AssertionErrors.assertEquals(AssertionErrors.java:128)
	at org.springframework.test.web.servlet.result.StatusResultMatchers.lambda$matcher$9(StatusResultMatchers.java:640)
	at org.springframework.test.web.servlet.MockMvc$1.andExpect(MockMvc.java:214)
	at com.estim.javaapi.controllers.AuthControllerTest$MeTests.meSuccess(AuthControllerTest.java:375)
	at java.base/java.lang.reflect.Method.invoke(Method.java:580)
	at java.base/java.util.ArrayList.forEach(ArrayList.java:1596)
	at java.base/java.util.ArrayList.forEach(ArrayList.java:1596)
	at java.base/java.util.ArrayList.forEach(ArrayList.java:1596)
</failure>
  </testcase>
  <system-out><![CDATA[21:39:06.567 [Test worker] INFO org.springframework.test.context.support.AnnotationConfigContextLoaderUtils -- Could not detect default configuration classes for test class [com.estim.javaapi.controllers.AuthControllerTest$MeTests]: MeTests does not declare any static, non-private, non-final, nested classes annotated with @Configuration.
21:39:06.573 [Test worker] INFO org.springframework.boot.test.context.SpringBootTestContextBootstrapper -- Found @SpringBootConfiguration com.estim.javaapi.JavaApiApplication for test class com.estim.javaapi.controllers.AuthControllerTest$MeTests

  .   ____          _            __ _ _
 /\\ / ___'_ __ _ _(_)_ __  __ _ \ \ \ \
( ( )\___ | '_ | '_| | '_ \/ _` | \ \ \ \
 \\/  ___)| |_)| | | | | || (_| |  ) ) ) )
  '  |____| .__|_| |_|_| |_\__, | / / / /
 =========|_|==============|___/=/_/_/_/

 :: Spring Boot ::                (v3.5.7)

2025-11-20T21:39:06.848-05:00  INFO 156445 --- [java-api] [    Test worker] c.e.j.controllers.AuthControllerTest     : Starting AuthControllerTest using Java 21.0.8 with PID 156445 (started by jujgomezru in /home/jujgomezru/unal/ingenieriaDeSoftwareII/ESTIM/Final-Project/apps/java-backend)
2025-11-20T21:39:06.850-05:00  INFO 156445 --- [java-api] [    Test worker] c.e.j.controllers.AuthControllerTest     : No active profile set, falling back to 1 default profile: "default"
2025-11-20T21:39:07.449-05:00  INFO 156445 --- [java-api] [    Test worker] .s.d.r.c.RepositoryConfigurationDelegate : Bootstrapping Spring Data JPA repositories in DEFAULT mode.
2025-11-20T21:39:07.499-05:00  INFO 156445 --- [java-api] [    Test worker] .s.d.r.c.RepositoryConfigurationDelegate : Finished Spring Data repository scanning in 40 ms. Found 6 JPA repository interfaces.
2025-11-20T21:39:09.229-05:00  INFO 156445 --- [java-api] [    Test worker] o.hibernate.jpa.internal.util.LogHelper  : HHH000204: Processing PersistenceUnitInfo [name: default]
2025-11-20T21:39:09.287-05:00  INFO 156445 --- [java-api] [    Test worker] org.hibernate.Version                    : HHH000412: Hibernate ORM core version 6.6.33.Final
2025-11-20T21:39:09.331-05:00  INFO 156445 --- [java-api] [    Test worker] o.h.c.internal.RegionFactoryInitiator    : HHH000026: Second-level cache disabled
2025-11-20T21:39:09.487-05:00  INFO 156445 --- [java-api] [    Test worker] o.s.o.j.p.SpringPersistenceUnitInfo      : No LoadTimeWeaver setup: ignoring JPA class transformer
2025-11-20T21:39:09.526-05:00  INFO 156445 --- [java-api] [    Test worker] com.zaxxer.hikari.HikariDataSource       : HikariPool-1 - Starting...
2025-11-20T21:39:09.715-05:00  INFO 156445 --- [java-api] [    Test worker] com.zaxxer.hikari.pool.HikariPool        : HikariPool-1 - Added connection org.postgresql.jdbc.PgConnection@33239d72
2025-11-20T21:39:09.717-05:00  INFO 156445 --- [java-api] [    Test worker] com.zaxxer.hikari.HikariDataSource       : HikariPool-1 - Start completed.
2025-11-20T21:39:09.750-05:00  WARN 156445 --- [java-api] [    Test worker] org.hibernate.orm.deprecation            : HHH90000025: PostgreSQLDialect does not need to be specified explicitly using 'hibernate.dialect' (remove the property setting and it will be selected by default)
2025-11-20T21:39:09.770-05:00  INFO 156445 --- [java-api] [    Test worker] org.hibernate.orm.connections.pooling    : HHH10001005: Database info:
	Database JDBC URL [Connecting through datasource 'HikariDataSource (HikariPool-1)']
	Database driver: undefined/unknown
	Database version: 16.10
	Autocommit mode: undefined/unknown
	Isolation level: undefined/unknown
	Minimum pool size: undefined/unknown
	Maximum pool size: undefined/unknown
2025-11-20T21:39:10.568-05:00  INFO 156445 --- [java-api] [    Test worker] o.h.e.t.j.p.i.JtaPlatformInitiator       : HHH000489: No JTA platform available (set 'hibernate.transaction.jta.platform' to enable JTA platform integration)
2025-11-20T21:39:10.569-05:00  INFO 156445 --- [java-api] [    Test worker] j.LocalContainerEntityManagerFactoryBean : Initialized JPA EntityManagerFactory for persistence unit 'default'
2025-11-20T21:39:10.808-05:00  INFO 156445 --- [java-api] [    Test worker] o.s.d.j.r.query.QueryEnhancerFactory     : Hibernate is in classpath; If applicable, HQL parser will be used.
2025-11-20T21:39:12.047-05:00  WARN 156445 --- [java-api] [    Test worker] JpaBaseConfiguration$JpaWebConfiguration : spring.jpa.open-in-view is enabled by default. Therefore, database queries may be performed during view rendering. Explicitly configure spring.jpa.open-in-view to disable this warning
2025-11-20T21:39:12.374-05:00  INFO 156445 --- [java-api] [    Test worker] o.s.b.a.e.web.EndpointLinksResolver      : Exposing 1 endpoint beneath base path '/actuator'
2025-11-20T21:39:12.404-05:00  WARN 156445 --- [java-api] [    Test worker] .s.s.UserDetailsServiceAutoConfiguration : 

Using generated security password: 6f2eab50-0883-463a-901b-8b4fcc45cd82

This generated password is for development use only. Your security configuration must be updated before running your application in production.

2025-11-20T21:39:12.413-05:00  INFO 156445 --- [java-api] [    Test worker] r$InitializeUserDetailsManagerConfigurer : Global AuthenticationManager configured with UserDetailsService bean with name inMemoryUserDetailsManager
2025-11-20T21:39:12.800-05:00  INFO 156445 --- [java-api] [    Test worker] o.s.b.t.m.w.SpringBootMockServletContext : Initializing Spring TestDispatcherServlet ''
2025-11-20T21:39:12.800-05:00  INFO 156445 --- [java-api] [    Test worker] o.s.t.web.servlet.TestDispatcherServlet  : Initializing Servlet ''
2025-11-20T21:39:12.802-05:00  INFO 156445 --- [java-api] [    Test worker] o.s.t.web.servlet.TestDispatcherServlet  : Completed initialization in 2 ms
2025-11-20T21:39:12.864-05:00  INFO 156445 --- [java-api] [    Test worker] c.e.j.controllers.AuthControllerTest     : Started AuthControllerTest in 6.262 seconds (process running for 7.455)

MockHttpServletRequest:
      HTTP Method = GET
      Request URI = /auth/me
       Parameters = {}
          Headers = [Authorization:"Bearer invalid"]
             Body = <no character encoding set>
    Session Attrs = {}

Handler:
             Type = com.estim.javaapi.controllers.AuthController
           Method = com.estim.javaapi.controllers.AuthController#me(AuthenticatedUser)

Async:
    Async started = false
     Async result = null

Resolved Exception:
             Type = null

ModelAndView:
        View name = null
             View = null
            Model = null

FlashMap:
       Attributes = null

MockHttpServletResponse:
           Status = 401
    Error message = null
          Headers = [Content-Type:"application/json"]
     Content type = application/json
             Body = {"code":"AUTH_FAILED","message":"No authenticated user","details":null}
    Forwarded URL = null
   Redirected URL = null
          Cookies = []

MockHttpServletRequest:
      HTTP Method = GET
      Request URI = /auth/me
       Parameters = {}
          Headers = [Authorization:"Bearer invalid"]
             Body = <no character encoding set>
    Session Attrs = {}

Handler:
             Type = com.estim.javaapi.controllers.AuthController
           Method = com.estim.javaapi.controllers.AuthController#me(AuthenticatedUser)

Async:
    Async started = false
     Async result = null

Resolved Exception:
             Type = null

ModelAndView:
        View name = null
             View = null
            Model = null

FlashMap:
       Attributes = null

MockHttpServletResponse:
           Status = 401
    Error message = null
          Headers = [Content-Type:"application/json"]
     Content type = application/json
             Body = {"code":"AUTH_FAILED","message":"No authenticated user","details":null}
    Forwarded URL = null
   Redirected URL = null
          Cookies = []

MockHttpServletRequest:
      HTTP Method = GET
      Request URI = /auth/me
       Parameters = {}
          Headers = []
             Body = <no character encoding set>
    Session Attrs = {}

Handler:
             Type = com.estim.javaapi.controllers.AuthController
           Method = com.estim.javaapi.controllers.AuthController#me(AuthenticatedUser)

Async:
    Async started = false
     Async result = null

Resolved Exception:
             Type = null

ModelAndView:
        View name = null
             View = null
            Model = null

FlashMap:
       Attributes = null

MockHttpServletResponse:
           Status = 401
    Error message = null
          Headers = [Content-Type:"application/json"]
     Content type = application/json
             Body = {"code":"AUTH_FAILED","message":"No authenticated user","details":null}
    Forwarded URL = null
   Redirected URL = null
          Cookies = []

MockHttpServletRequest:
      HTTP Method = GET
      Request URI = /auth/me
       Parameters = {}
          Headers = []
             Body = <no character encoding set>
    Session Attrs = {}

Handler:
             Type = com.estim.javaapi.controllers.AuthController
           Method = com.estim.javaapi.controllers.AuthController#me(AuthenticatedUser)

Async:
    Async started = false
     Async result = null

Resolved Exception:
             Type = null

ModelAndView:
        View name = null
             View = null
            Model = null

FlashMap:
       Attributes = null

MockHttpServletResponse:
           Status = 401
    Error message = null
          Headers = [Content-Type:"application/json"]
     Content type = application/json
             Body = {"code":"AUTH_FAILED","message":"No authenticated user","details":null}
    Forwarded URL = null
   Redirected URL = null
          Cookies = []

MockHttpServletRequest:
      HTTP Method = GET
      Request URI = /auth/me
       Parameters = {}
          Headers = [Authorization:"Bearer token-without-user"]
             Body = <no character encoding set>
    Session Attrs = {}

Handler:
             Type = com.estim.javaapi.controllers.AuthController
           Method = com.estim.javaapi.controllers.AuthController#me(AuthenticatedUser)

Async:
    Async started = false
     Async result = null

Resolved Exception:
             Type = null

ModelAndView:
        View name = null
             View = null
            Model = null

FlashMap:
       Attributes = null

MockHttpServletResponse:
           Status = 401
    Error message = null
          Headers = [Content-Type:"application/json"]
     Content type = application/json
             Body = {"code":"AUTH_FAILED","message":"No authenticated user","details":null}
    Forwarded URL = null
   Redirected URL = null
          Cookies = []

MockHttpServletRequest:
      HTTP Method = GET
      Request URI = /auth/me
       Parameters = {}
          Headers = [Authorization:"Bearer token-without-user"]
             Body = <no character encoding set>
    Session Attrs = {}

Handler:
             Type = com.estim.javaapi.controllers.AuthController
           Method = com.estim.javaapi.controllers.AuthController#me(AuthenticatedUser)

Async:
    Async started = false
     Async result = null

Resolved Exception:
             Type = null

ModelAndView:
        View name = null
             View = null
            Model = null

FlashMap:
       Attributes = null

MockHttpServletResponse:
           Status = 401
    Error message = null
          Headers = [Content-Type:"application/json"]
     Content type = application/json
             Body = {"code":"AUTH_FAILED","message":"No authenticated user","details":null}
    Forwarded URL = null
   Redirected URL = null
          Cookies = []

MockHttpServletRequest:
      HTTP Method = GET
      Request URI = /auth/me
       Parameters = {}
          Headers = [Authorization:"Bearer valid-token"]
             Body = <no character encoding set>
    Session Attrs = {}

Handler:
             Type = com.estim.javaapi.controllers.AuthController
           Method = com.estim.javaapi.controllers.AuthController#me(AuthenticatedUser)

Async:
    Async started = false
     Async result = null

Resolved Exception:
             Type = null

ModelAndView:
        View name = null
             View = null
            Model = null

FlashMap:
       Attributes = null

MockHttpServletResponse:
           Status = 401
    Error message = null
          Headers = [Content-Type:"application/json"]
     Content type = application/json
             Body = {"code":"AUTH_FAILED","message":"No authenticated user","details":null}
    Forwarded URL = null
   Redirected URL = null
          Cookies = []

MockHttpServletRequest:
      HTTP Method = GET
      Request URI = /auth/me
       Parameters = {}
          Headers = [Authorization:"Bearer valid-token"]
             Body = <no character encoding set>
    Session Attrs = {}

Handler:
             Type = com.estim.javaapi.controllers.AuthController
           Method = com.estim.javaapi.controllers.AuthController#me(AuthenticatedUser)

Async:
    Async started = false
     Async result = null

Resolved Exception:
             Type = null

ModelAndView:
        View name = null
             View = null
            Model = null

FlashMap:
       Attributes = null

MockHttpServletResponse:
           Status = 401
    Error message = null
          Headers = [Content-Type:"application/json"]
     Content type = application/json
             Body = {"code":"AUTH_FAILED","message":"No authenticated user","details":null}
    Forwarded URL = null
   Redirected URL = null
          Cookies = []
]]></system-out>
  <system-err><![CDATA[Mockito is currently self-attaching to enable the inline-mock-maker. This will no longer work in future releases of the JDK. Please add Mockito as an agent to your build as described in Mockito's documentation: https://javadoc.io/doc/org.mockito/mockito-core/latest/org.mockito/org/mockito/Mockito.html#0.3
WARNING: A Java agent has been loaded dynamically (/home/jujgomezru/.gradle/caches/modules-2/files-2.1/net.bytebuddy/byte-buddy-agent/1.17.8/f09415827a71be7ed621c7bd02550678f28bc81c/byte-buddy-agent-1.17.8.jar)
WARNING: If a serviceability tool is in use, please run with -XX:+EnableDynamicAgentLoading to hide this warning
WARNING: If a serviceability tool is not in use, please run with -Djdk.instrument.traceUsage for more information
WARNING: Dynamic loading of agents will be disallowed by default in a future release
]]></system-err>
</testsuite>
