<?xml version="1.0" encoding="UTF-8"?>
<testsuite name="DELETE /me/payment-methods/{id}" tests="3" skipped="0" failures="0" errors="0" timestamp="2025-11-30T21:29:06.372Z" hostname="DESKTOP-T5D8MHC" time="0.046">
  <properties/>
  <testcase name="should return 400 PAYMENT_METHOD_REMOVE_FAILED when service throws IllegalArgumentException" classname="com.estim.javaapi.controllers.PaymentMethodControllerTest$RemovePaymentMethodTests" time="0.018"/>
  <testcase name="should return 400 PAYMENT_METHOD_REMOVE_FAILED when auth fails" classname="com.estim.javaapi.controllers.PaymentMethodControllerTest$RemovePaymentMethodTests" time="0.011"/>
  <testcase name="should remove payment method for authenticated user and return 204" classname="com.estim.javaapi.controllers.PaymentMethodControllerTest$RemovePaymentMethodTests" time="0.013"/>
  <system-out><![CDATA[2025-11-30T16:29:05.243-05:00  INFO 50497 --- [java-api] [    Test worker] t.c.s.AnnotationConfigContextLoaderUtils : Could not detect default configuration classes for test class [com.estim.javaapi.controllers.PaymentMethodControllerTest$RemovePaymentMethodTests]: RemovePaymentMethodTests does not declare any static, non-private, non-final, nested classes annotated with @Configuration.
2025-11-30T16:29:05.246-05:00  INFO 50497 --- [java-api] [    Test worker] .b.t.c.SpringBootTestContextBootstrapper : Found @SpringBootConfiguration com.estim.javaapi.JavaApiApplication for test class com.estim.javaapi.controllers.PaymentMethodControllerTest$RemovePaymentMethodTests

  .   ____          _            __ _ _
 /\\ / ___'_ __ _ _(_)_ __  __ _ \ \ \ \
( ( )\___ | '_ | '_| | '_ \/ _` | \ \ \ \
 \\/  ___)| |_)| | | | | || (_| |  ) ) ) )
  '  |____| .__|_| |_|_| |_\__, | / / / /
 =========|_|==============|___/=/_/_/_/

 :: Spring Boot ::                (v3.5.7)

2025-11-30T16:29:05.268-05:00  INFO 50497 --- [java-api] [    Test worker] c.e.j.c.PaymentMethodControllerTest      : Starting PaymentMethodControllerTest using Java 21.0.8 with PID 50497 (started by jujgomezru in /home/jujgomezru/unal/ingenieriaDeSoftwareII/ESTIM/Final-Project/apps/java-backend)
2025-11-30T16:29:05.269-05:00  INFO 50497 --- [java-api] [    Test worker] c.e.j.c.PaymentMethodControllerTest      : No active profile set, falling back to 1 default profile: "default"
2025-11-30T16:29:05.486-05:00  INFO 50497 --- [java-api] [    Test worker] .s.d.r.c.RepositoryConfigurationDelegate : Bootstrapping Spring Data JPA repositories in DEFAULT mode.
2025-11-30T16:29:05.498-05:00  INFO 50497 --- [java-api] [    Test worker] .s.d.r.c.RepositoryConfigurationDelegate : Finished Spring Data repository scanning in 9 ms. Found 6 JPA repository interfaces.
2025-11-30T16:29:05.879-05:00  INFO 50497 --- [java-api] [    Test worker] o.hibernate.jpa.internal.util.LogHelper  : HHH000204: Processing PersistenceUnitInfo [name: default]
2025-11-30T16:29:05.882-05:00  INFO 50497 --- [java-api] [    Test worker] o.h.c.internal.RegionFactoryInitiator    : HHH000026: Second-level cache disabled
2025-11-30T16:29:05.890-05:00  INFO 50497 --- [java-api] [    Test worker] o.s.o.j.p.SpringPersistenceUnitInfo      : No LoadTimeWeaver setup: ignoring JPA class transformer
2025-11-30T16:29:05.891-05:00  INFO 50497 --- [java-api] [    Test worker] com.zaxxer.hikari.HikariDataSource       : HikariPool-4 - Starting...
2025-11-30T16:29:05.908-05:00  INFO 50497 --- [java-api] [    Test worker] com.zaxxer.hikari.pool.HikariPool        : HikariPool-4 - Added connection org.postgresql.jdbc.PgConnection@7b1e8d37
2025-11-30T16:29:05.909-05:00  INFO 50497 --- [java-api] [    Test worker] com.zaxxer.hikari.HikariDataSource       : HikariPool-4 - Start completed.
2025-11-30T16:29:05.912-05:00  WARN 50497 --- [java-api] [    Test worker] org.hibernate.orm.deprecation            : HHH90000025: PostgreSQLDialect does not need to be specified explicitly using 'hibernate.dialect' (remove the property setting and it will be selected by default)
2025-11-30T16:29:05.914-05:00  INFO 50497 --- [java-api] [    Test worker] org.hibernate.orm.connections.pooling    : HHH10001005: Database info:
	Database JDBC URL [Connecting through datasource 'HikariDataSource (HikariPool-4)']
	Database driver: undefined/unknown
	Database version: 16.10
	Autocommit mode: undefined/unknown
	Isolation level: undefined/unknown
	Minimum pool size: undefined/unknown
	Maximum pool size: undefined/unknown
2025-11-30T16:29:06.005-05:00  INFO 50497 --- [java-api] [    Test worker] o.h.e.t.j.p.i.JtaPlatformInitiator       : HHH000489: No JTA platform available (set 'hibernate.transaction.jta.platform' to enable JTA platform integration)
2025-11-30T16:29:06.006-05:00  INFO 50497 --- [java-api] [    Test worker] j.LocalContainerEntityManagerFactoryBean : Initialized JPA EntityManagerFactory for persistence unit 'default'
2025-11-30T16:29:06.145-05:00  WARN 50497 --- [java-api] [    Test worker] JpaBaseConfiguration$JpaWebConfiguration : spring.jpa.open-in-view is enabled by default. Therefore, database queries may be performed during view rendering. Explicitly configure spring.jpa.open-in-view to disable this warning
2025-11-30T16:29:06.248-05:00  INFO 50497 --- [java-api] [    Test worker] o.s.b.a.e.web.EndpointLinksResolver      : Exposing 1 endpoint beneath base path '/actuator'
2025-11-30T16:29:06.262-05:00  WARN 50497 --- [java-api] [    Test worker] .s.s.UserDetailsServiceAutoConfiguration : 

Using generated security password: 5c7eaac9-c050-4f70-9324-2468513eaf92

This generated password is for development use only. Your security configuration must be updated before running your application in production.

2025-11-30T16:29:06.263-05:00  INFO 50497 --- [java-api] [    Test worker] r$InitializeUserDetailsManagerConfigurer : Global AuthenticationManager configured with UserDetailsService bean with name inMemoryUserDetailsManager
2025-11-30T16:29:06.354-05:00  INFO 50497 --- [java-api] [    Test worker] o.s.b.t.m.w.SpringBootMockServletContext : Initializing Spring TestDispatcherServlet ''
2025-11-30T16:29:06.354-05:00  INFO 50497 --- [java-api] [    Test worker] o.s.t.web.servlet.TestDispatcherServlet  : Initializing Servlet ''
2025-11-30T16:29:06.355-05:00  INFO 50497 --- [java-api] [    Test worker] o.s.t.web.servlet.TestDispatcherServlet  : Completed initialization in 1 ms
2025-11-30T16:29:06.369-05:00  INFO 50497 --- [java-api] [    Test worker] c.e.j.c.PaymentMethodControllerTest      : Started PaymentMethodControllerTest in 1.12 seconds (process running for 17.756)

MockHttpServletRequest:
      HTTP Method = DELETE
      Request URI = /me/payment-methods/pm-invalid
       Parameters = {}
          Headers = [Authorization:"Bearer valid-token"]
             Body = <no character encoding set>
    Session Attrs = {}

Handler:
             Type = com.estim.javaapi.controllers.PaymentMethodController
           Method = com.estim.javaapi.controllers.PaymentMethodController#remove(String, String)

Async:
    Async started = false
     Async result = null

Resolved Exception:
             Type = null

ModelAndView:
        View name = null
             View = null
            Model = null

FlashMap:
       Attributes = null

MockHttpServletResponse:
           Status = 400
    Error message = null
          Headers = [Content-Type:"application/json"]
     Content type = application/json
             Body = {"code":"PAYMENT_METHOD_REMOVE_FAILED","message":"Payment method not found","details":null}
    Forwarded URL = null
   Redirected URL = null
          Cookies = []

MockHttpServletRequest:
      HTTP Method = DELETE
      Request URI = /me/payment-methods/pm-123
       Parameters = {}
          Headers = []
             Body = <no character encoding set>
    Session Attrs = {}

Handler:
             Type = com.estim.javaapi.controllers.PaymentMethodController
           Method = com.estim.javaapi.controllers.PaymentMethodController#remove(String, String)

Async:
    Async started = false
     Async result = null

Resolved Exception:
             Type = null

ModelAndView:
        View name = null
             View = null
            Model = null

FlashMap:
       Attributes = null

MockHttpServletResponse:
           Status = 400
    Error message = null
          Headers = [Content-Type:"application/json"]
     Content type = application/json
             Body = {"code":"PAYMENT_METHOD_REMOVE_FAILED","message":"Missing Authorization header","details":null}
    Forwarded URL = null
   Redirected URL = null
          Cookies = []

MockHttpServletRequest:
      HTTP Method = DELETE
      Request URI = /me/payment-methods/pm-123
       Parameters = {}
          Headers = [Authorization:"Bearer valid-token"]
             Body = <no character encoding set>
    Session Attrs = {}

Handler:
             Type = com.estim.javaapi.controllers.PaymentMethodController
           Method = com.estim.javaapi.controllers.PaymentMethodController#remove(String, String)

Async:
    Async started = false
     Async result = null

Resolved Exception:
             Type = null

ModelAndView:
        View name = null
             View = null
            Model = null

FlashMap:
       Attributes = null

MockHttpServletResponse:
           Status = 204
    Error message = null
          Headers = []
     Content type = null
             Body = 
    Forwarded URL = null
   Redirected URL = null
          Cookies = []
]]></system-out>
  <system-err><![CDATA[]]></system-err>
</testsuite>
