<?xml version="1.0" encoding="UTF-8"?>
<testsuite name="GET /users/{id}/profile" tests="4" skipped="0" failures="0" errors="0" timestamp="2025-11-21T02:39:16.991Z" hostname="DESKTOP-T5D8MHC" time="0.088">
  <properties/>
  <testcase name="should return 403 PROFILE_PRIVATE when profile is private for this viewer" classname="com.estim.javaapi.controllers.ProfileControllerTest$GetProfileTests" time="0.008"/>
  <testcase name="should return public profile to anonymous viewer (auth fails, requesterId = all-zeros)" classname="com.estim.javaapi.controllers.ProfileControllerTest$GetProfileTests" time="0.061"/>
  <testcase name="should return public profile when authenticated viewer requests it" classname="com.estim.javaapi.controllers.ProfileControllerTest$GetProfileTests" time="0.011"/>
  <testcase name="should return 404 PROFILE_NOT_FOUND when user profile does not exist" classname="com.estim.javaapi.controllers.ProfileControllerTest$GetProfileTests" time="0.005"/>
  <system-out><![CDATA[2025-11-20T21:39:16.988-05:00  INFO 156445 --- [java-api] [    Test worker] t.c.s.AnnotationConfigContextLoaderUtils : Could not detect default configuration classes for test class [com.estim.javaapi.controllers.ProfileControllerTest$GetProfileTests]: GetProfileTests does not declare any static, non-private, non-final, nested classes annotated with @Configuration.
2025-11-20T21:39:16.989-05:00  INFO 156445 --- [java-api] [    Test worker] .b.t.c.SpringBootTestContextBootstrapper : Found @SpringBootConfiguration com.estim.javaapi.JavaApiApplication for test class com.estim.javaapi.controllers.ProfileControllerTest$GetProfileTests

MockHttpServletRequest:
      HTTP Method = GET
      Request URI = /users/target-user-id-123/profile
       Parameters = {}
          Headers = []
             Body = <no character encoding set>
    Session Attrs = {}

Handler:
             Type = com.estim.javaapi.controllers.ProfileController
           Method = com.estim.javaapi.controllers.ProfileController#getProfile(String, String)

Async:
    Async started = false
     Async result = null

Resolved Exception:
             Type = null

ModelAndView:
        View name = null
             View = null
            Model = null

FlashMap:
       Attributes = null

MockHttpServletResponse:
           Status = 403
    Error message = null
          Headers = [Content-Type:"application/json"]
     Content type = application/json
             Body = {"code":"PROFILE_PRIVATE","message":"Profile is private","details":null}
    Forwarded URL = null
   Redirected URL = null
          Cookies = []

MockHttpServletRequest:
      HTTP Method = GET
      Request URI = /users/target-user-id-123/profile
       Parameters = {}
          Headers = []
             Body = <no character encoding set>
    Session Attrs = {}

Handler:
             Type = com.estim.javaapi.controllers.ProfileController
           Method = com.estim.javaapi.controllers.ProfileController#getProfile(String, String)

Async:
    Async started = false
     Async result = null

Resolved Exception:
             Type = null

ModelAndView:
        View name = null
             View = null
            Model = null

FlashMap:
       Attributes = null

MockHttpServletResponse:
           Status = 200
    Error message = null
          Headers = [Content-Type:"application/json"]
     Content type = application/json
             Body = {"userId":"user-123","displayName":"John Doe","avatarUrl":"https://example.com/avatar.png","bio":"Hello, I am John","location":"Bogotá","privacy":{"showProfile":true,"showActivity":false,"showWishlist":true}}
    Forwarded URL = null
   Redirected URL = null
          Cookies = []

MockHttpServletRequest:
      HTTP Method = GET
      Request URI = /users/target-user-id-123/profile
       Parameters = {}
          Headers = [Authorization:"Bearer valid-token"]
             Body = <no character encoding set>
    Session Attrs = {}

Handler:
             Type = com.estim.javaapi.controllers.ProfileController
           Method = com.estim.javaapi.controllers.ProfileController#getProfile(String, String)

Async:
    Async started = false
     Async result = null

Resolved Exception:
             Type = null

ModelAndView:
        View name = null
             View = null
            Model = null

FlashMap:
       Attributes = null

MockHttpServletResponse:
           Status = 200
    Error message = null
          Headers = [Content-Type:"application/json"]
     Content type = application/json
             Body = {"userId":"user-123","displayName":"John Doe","avatarUrl":"https://example.com/avatar.png","bio":"Hello, I am John","location":"Bogotá","privacy":{"showProfile":true,"showActivity":false,"showWishlist":true}}
    Forwarded URL = null
   Redirected URL = null
          Cookies = []

MockHttpServletRequest:
      HTTP Method = GET
      Request URI = /users/non-existent/profile
       Parameters = {}
          Headers = []
             Body = <no character encoding set>
    Session Attrs = {}

Handler:
             Type = com.estim.javaapi.controllers.ProfileController
           Method = com.estim.javaapi.controllers.ProfileController#getProfile(String, String)

Async:
    Async started = false
     Async result = null

Resolved Exception:
             Type = null

ModelAndView:
        View name = null
             View = null
            Model = null

FlashMap:
       Attributes = null

MockHttpServletResponse:
           Status = 404
    Error message = null
          Headers = [Content-Type:"application/json"]
     Content type = application/json
             Body = {"code":"PROFILE_NOT_FOUND","message":"Profile not found","details":null}
    Forwarded URL = null
   Redirected URL = null
          Cookies = []
]]></system-out>
  <system-err><![CDATA[]]></system-err>
</testsuite>
