<?xml version="1.0" encoding="UTF-8"?>
<testsuite name="POST /auth/register" tests="2" skipped="0" failures="0" errors="0" timestamp="2025-11-19T15:43:10.121Z" hostname="DESKTOP-T5D8MHC" time="0.058">
  <properties/>
  <testcase name="should create user, call RegisterUserService with correct command and return 201 + RegisterUserResponse" classname="com.estim.javaapi.controllers.AuthControllerTest$RegisterTests" time="0.036"/>
  <testcase name="should return 400 with VALIDATION_ERROR when service throws IllegalArgumentException" classname="com.estim.javaapi.controllers.AuthControllerTest$RegisterTests" time="0.018"/>
  <system-out><![CDATA[2025-11-19T10:43:10.109-05:00  INFO 56381 --- [java-api] [    Test worker] t.c.s.AnnotationConfigContextLoaderUtils : Could not detect default configuration classes for test class [com.estim.javaapi.controllers.AuthControllerTest$RegisterTests]: RegisterTests does not declare any static, non-private, non-final, nested classes annotated with @Configuration.
2025-11-19T10:43:10.111-05:00  INFO 56381 --- [java-api] [    Test worker] .b.t.c.SpringBootTestContextBootstrapper : Found @SpringBootConfiguration com.estim.javaapi.JavaApiApplication for test class com.estim.javaapi.controllers.AuthControllerTest$RegisterTests

MockHttpServletRequest:
      HTTP Method = POST
      Request URI = /auth/register
       Parameters = {}
          Headers = [Content-Type:"application/json", Content-Length:"81"]
             Body = <no character encoding set>
    Session Attrs = {}

Handler:
             Type = com.estim.javaapi.controllers.AuthController
           Method = com.estim.javaapi.controllers.AuthController#register(RegisterUserRequest)

Async:
    Async started = false
     Async result = null

Resolved Exception:
             Type = null

ModelAndView:
        View name = null
             View = null
            Model = null

FlashMap:
       Attributes = null

MockHttpServletResponse:
           Status = 201
    Error message = null
          Headers = [Content-Type:"application/json"]
     Content type = application/json
             Body = {"userId":"user-123","email":"john@example.com","displayName":"John Doe","emailVerified":true}
    Forwarded URL = null
   Redirected URL = null
          Cookies = []

MockHttpServletRequest:
      HTTP Method = POST
      Request URI = /auth/register
       Parameters = {}
          Headers = [Content-Type:"application/json", Content-Length:"67"]
             Body = <no character encoding set>
    Session Attrs = {}

Handler:
             Type = com.estim.javaapi.controllers.AuthController
           Method = com.estim.javaapi.controllers.AuthController#register(RegisterUserRequest)

Async:
    Async started = false
     Async result = null

Resolved Exception:
             Type = null

ModelAndView:
        View name = null
             View = null
            Model = null

FlashMap:
       Attributes = null

MockHttpServletResponse:
           Status = 400
    Error message = null
          Headers = [Content-Type:"application/json"]
     Content type = application/json
             Body = {"code":"VALIDATION_ERROR","message":"Invalid email","details":null}
    Forwarded URL = null
   Redirected URL = null
          Cookies = []
]]></system-out>
  <system-err><![CDATA[]]></system-err>
</testsuite>
