<?xml version="1.0" encoding="UTF-8"?>
<testsuite name="GET /me/payment-methods" tests="3" skipped="0" failures="0" errors="0" timestamp="2025-11-30T19:18:48.726Z" hostname="DESKTOP-T5D8MHC" time="0.181">
  <properties/>
  <testcase name="should return 401 UNAUTHORIZED when SecurityContext has no current user" classname="com.estim.javaapi.controllers.PaymentMethodControllerTest$ListPaymentMethodsTests" time="0.015"/>
  <testcase name="should list payment methods for authenticated user" classname="com.estim.javaapi.controllers.PaymentMethodControllerTest$ListPaymentMethodsTests" time="0.149"/>
  <testcase name="should return 401 UNAUTHORIZED when auth fails (e.g. missing header)" classname="com.estim.javaapi.controllers.PaymentMethodControllerTest$ListPaymentMethodsTests" time="0.013"/>
  <system-out><![CDATA[2025-11-30T14:18:48.720-05:00  INFO 21835 --- [java-api] [    Test worker] t.c.s.AnnotationConfigContextLoaderUtils : Could not detect default configuration classes for test class [com.estim.javaapi.controllers.PaymentMethodControllerTest$ListPaymentMethodsTests]: ListPaymentMethodsTests does not declare any static, non-private, non-final, nested classes annotated with @Configuration.
2025-11-30T14:18:48.722-05:00  INFO 21835 --- [java-api] [    Test worker] .b.t.c.SpringBootTestContextBootstrapper : Found @SpringBootConfiguration com.estim.javaapi.JavaApiApplication for test class com.estim.javaapi.controllers.PaymentMethodControllerTest$ListPaymentMethodsTests

MockHttpServletRequest:
      HTTP Method = GET
      Request URI = /me/payment-methods
       Parameters = {}
          Headers = [Authorization:"Bearer valid-token"]
             Body = <no character encoding set>
    Session Attrs = {}

Handler:
             Type = com.estim.javaapi.controllers.PaymentMethodController
           Method = com.estim.javaapi.controllers.PaymentMethodController#list(String)

Async:
    Async started = false
     Async result = null

Resolved Exception:
             Type = null

ModelAndView:
        View name = null
             View = null
            Model = null

FlashMap:
       Attributes = null

MockHttpServletResponse:
           Status = 401
    Error message = null
          Headers = [Content-Type:"application/json"]
     Content type = application/json
             Body = {"code":"UNAUTHORIZED","message":"Not authenticated","details":null}
    Forwarded URL = null
   Redirected URL = null
          Cookies = []

MockHttpServletRequest:
      HTTP Method = GET
      Request URI = /me/payment-methods
       Parameters = {}
          Headers = [Authorization:"Bearer valid-token"]
             Body = <no character encoding set>
    Session Attrs = {}

Handler:
             Type = com.estim.javaapi.controllers.PaymentMethodController
           Method = com.estim.javaapi.controllers.PaymentMethodController#list(String)

Async:
    Async started = false
     Async result = null

Resolved Exception:
             Type = null

ModelAndView:
        View name = null
             View = null
            Model = null

FlashMap:
       Attributes = null

MockHttpServletResponse:
           Status = 200
    Error message = null
          Headers = [Content-Type:"application/json"]
     Content type = application/json
             Body = [{"id":"pm-1","provider":"VISA","last4":"4242","isDefault":true},{"id":"pm-2","provider":"MASTERCARD","last4":"5555","isDefault":false}]
    Forwarded URL = null
   Redirected URL = null
          Cookies = []

MockHttpServletRequest:
      HTTP Method = GET
      Request URI = /me/payment-methods
       Parameters = {}
          Headers = []
             Body = <no character encoding set>
    Session Attrs = {}

Handler:
             Type = com.estim.javaapi.controllers.PaymentMethodController
           Method = com.estim.javaapi.controllers.PaymentMethodController#list(String)

Async:
    Async started = false
     Async result = null

Resolved Exception:
             Type = null

ModelAndView:
        View name = null
             View = null
            Model = null

FlashMap:
       Attributes = null

MockHttpServletResponse:
           Status = 401
    Error message = null
          Headers = [Content-Type:"application/json"]
     Content type = application/json
             Body = {"code":"UNAUTHORIZED","message":"Missing Authorization header","details":null}
    Forwarded URL = null
   Redirected URL = null
          Cookies = []
]]></system-out>
  <system-err><![CDATA[]]></system-err>
</testsuite>
