<?xml version="1.0" encoding="UTF-8"?>
<testsuite name="PUT /me/profile" tests="3" skipped="0" failures="0" errors="0" timestamp="2025-11-19T15:43:14.947Z" hostname="DESKTOP-T5D8MHC" time="0.049">
  <properties/>
  <testcase name="should return 400 PROFILE_UPDATE_FAILED when update service throws IllegalArgumentException" classname="com.estim.javaapi.controllers.ProfileControllerTest$UpdateProfileTests" time="0.024"/>
  <testcase name="should update profile for authenticated user and return 204" classname="com.estim.javaapi.controllers.ProfileControllerTest$UpdateProfileTests" time="0.012"/>
  <testcase name="should return 400 PROFILE_UPDATE_FAILED when not authenticated" classname="com.estim.javaapi.controllers.ProfileControllerTest$UpdateProfileTests" time="0.01"/>
  <system-out><![CDATA[2025-11-19T10:43:14.010-05:00  INFO 56381 --- [java-api] [    Test worker] t.c.s.AnnotationConfigContextLoaderUtils : Could not detect default configuration classes for test class [com.estim.javaapi.controllers.ProfileControllerTest$UpdateProfileTests]: UpdateProfileTests does not declare any static, non-private, non-final, nested classes annotated with @Configuration.
2025-11-19T10:43:14.011-05:00  INFO 56381 --- [java-api] [    Test worker] .b.t.c.SpringBootTestContextBootstrapper : Found @SpringBootConfiguration com.estim.javaapi.JavaApiApplication for test class com.estim.javaapi.controllers.ProfileControllerTest$UpdateProfileTests

  .   ____          _            __ _ _
 /\\ / ___'_ __ _ _(_)_ __  __ _ \ \ \ \
( ( )\___ | '_ | '_| | '_ \/ _` | \ \ \ \
 \\/  ___)| |_)| | | | | || (_| |  ) ) ) )
  '  |____| .__|_| |_|_| |_\__, | / / / /
 =========|_|==============|___/=/_/_/_/

 :: Spring Boot ::                (v3.5.7)

2025-11-19T10:43:14.029-05:00  INFO 56381 --- [java-api] [    Test worker] c.e.j.controllers.ProfileControllerTest  : Starting ProfileControllerTest using Java 21.0.8 with PID 56381 (started by jujgomezru in /home/jujgomezru/unal/ingenieriaDeSoftwareII/ESTIM/Final-Project/apps/java-backend)
2025-11-19T10:43:14.030-05:00  INFO 56381 --- [java-api] [    Test worker] c.e.j.controllers.ProfileControllerTest  : No active profile set, falling back to 1 default profile: "default"
2025-11-19T10:43:14.279-05:00  INFO 56381 --- [java-api] [    Test worker] .s.d.r.c.RepositoryConfigurationDelegate : Bootstrapping Spring Data JPA repositories in DEFAULT mode.
2025-11-19T10:43:14.291-05:00  INFO 56381 --- [java-api] [    Test worker] .s.d.r.c.RepositoryConfigurationDelegate : Finished Spring Data repository scanning in 10 ms. Found 4 JPA repository interfaces.
2025-11-19T10:43:14.552-05:00  INFO 56381 --- [java-api] [    Test worker] o.hibernate.jpa.internal.util.LogHelper  : HHH000204: Processing PersistenceUnitInfo [name: default]
2025-11-19T10:43:14.555-05:00  INFO 56381 --- [java-api] [    Test worker] o.h.c.internal.RegionFactoryInitiator    : HHH000026: Second-level cache disabled
2025-11-19T10:43:14.562-05:00  INFO 56381 --- [java-api] [    Test worker] o.s.o.j.p.SpringPersistenceUnitInfo      : No LoadTimeWeaver setup: ignoring JPA class transformer
2025-11-19T10:43:14.563-05:00  INFO 56381 --- [java-api] [    Test worker] com.zaxxer.hikari.HikariDataSource       : HikariPool-5 - Starting...
2025-11-19T10:43:14.579-05:00  INFO 56381 --- [java-api] [    Test worker] com.zaxxer.hikari.pool.HikariPool        : HikariPool-5 - Added connection org.postgresql.jdbc.PgConnection@c0b44d5
2025-11-19T10:43:14.580-05:00  INFO 56381 --- [java-api] [    Test worker] com.zaxxer.hikari.HikariDataSource       : HikariPool-5 - Start completed.
2025-11-19T10:43:14.585-05:00  WARN 56381 --- [java-api] [    Test worker] org.hibernate.orm.deprecation            : HHH90000025: PostgreSQLDialect does not need to be specified explicitly using 'hibernate.dialect' (remove the property setting and it will be selected by default)
2025-11-19T10:43:14.588-05:00  INFO 56381 --- [java-api] [    Test worker] org.hibernate.orm.connections.pooling    : HHH10001005: Database info:
	Database JDBC URL [Connecting through datasource 'HikariDataSource (HikariPool-5)']
	Database driver: undefined/unknown
	Database version: 16.10
	Autocommit mode: undefined/unknown
	Isolation level: undefined/unknown
	Minimum pool size: undefined/unknown
	Maximum pool size: undefined/unknown
2025-11-19T10:43:14.650-05:00  INFO 56381 --- [java-api] [    Test worker] o.h.e.t.j.p.i.JtaPlatformInitiator       : HHH000489: No JTA platform available (set 'hibernate.transaction.jta.platform' to enable JTA platform integration)
2025-11-19T10:43:14.650-05:00  INFO 56381 --- [java-api] [    Test worker] j.LocalContainerEntityManagerFactoryBean : Initialized JPA EntityManagerFactory for persistence unit 'default'
2025-11-19T10:43:14.739-05:00  WARN 56381 --- [java-api] [    Test worker] JpaBaseConfiguration$JpaWebConfiguration : spring.jpa.open-in-view is enabled by default. Therefore, database queries may be performed during view rendering. Explicitly configure spring.jpa.open-in-view to disable this warning
2025-11-19T10:43:14.823-05:00  INFO 56381 --- [java-api] [    Test worker] o.s.b.a.e.web.EndpointLinksResolver      : Exposing 1 endpoint beneath base path '/actuator'
2025-11-19T10:43:14.836-05:00  WARN 56381 --- [java-api] [    Test worker] .s.s.UserDetailsServiceAutoConfiguration : 

Using generated security password: 4ff65d55-2d88-4ff6-9bf2-7b4ae3d73c04

This generated password is for development use only. Your security configuration must be updated before running your application in production.

2025-11-19T10:43:14.836-05:00  INFO 56381 --- [java-api] [    Test worker] r$InitializeUserDetailsManagerConfigurer : Global AuthenticationManager configured with UserDetailsService bean with name inMemoryUserDetailsManager
2025-11-19T10:43:14.927-05:00  INFO 56381 --- [java-api] [    Test worker] o.s.b.t.m.w.SpringBootMockServletContext : Initializing Spring TestDispatcherServlet ''
2025-11-19T10:43:14.927-05:00  INFO 56381 --- [java-api] [    Test worker] o.s.t.web.servlet.TestDispatcherServlet  : Initializing Servlet ''
2025-11-19T10:43:14.928-05:00  INFO 56381 --- [java-api] [    Test worker] o.s.t.web.servlet.TestDispatcherServlet  : Completed initialization in 1 ms
2025-11-19T10:43:14.943-05:00  INFO 56381 --- [java-api] [    Test worker] c.e.j.controllers.ProfileControllerTest  : Started ProfileControllerTest in 0.93 seconds (process running for 14.52)

MockHttpServletRequest:
      HTTP Method = PUT
      Request URI = /me/profile
       Parameters = {}
          Headers = [Content-Type:"application/json", Authorization:"Bearer valid-token", Content-Length:"129"]
             Body = <no character encoding set>
    Session Attrs = {}

Handler:
             Type = com.estim.javaapi.controllers.ProfileController
           Method = com.estim.javaapi.controllers.ProfileController#updateProfile(String, UpdateUserProfileRequest)

Async:
    Async started = false
     Async result = null

Resolved Exception:
             Type = null

ModelAndView:
        View name = null
             View = null
            Model = null

FlashMap:
       Attributes = null

MockHttpServletResponse:
           Status = 400
    Error message = null
          Headers = [Content-Type:"application/json"]
     Content type = application/json
             Body = {"code":"PROFILE_UPDATE_FAILED","message":"Invalid display name","details":null}
    Forwarded URL = null
   Redirected URL = null
          Cookies = []

MockHttpServletRequest:
      HTTP Method = PUT
      Request URI = /me/profile
       Parameters = {}
          Headers = [Content-Type:"application/json", Authorization:"Bearer valid-token", Content-Length:"174"]
             Body = <no character encoding set>
    Session Attrs = {}

Handler:
             Type = com.estim.javaapi.controllers.ProfileController
           Method = com.estim.javaapi.controllers.ProfileController#updateProfile(String, UpdateUserProfileRequest)

Async:
    Async started = false
     Async result = null

Resolved Exception:
             Type = null

ModelAndView:
        View name = null
             View = null
            Model = null

FlashMap:
       Attributes = null

MockHttpServletResponse:
           Status = 204
    Error message = null
          Headers = []
     Content type = null
             Body = 
    Forwarded URL = null
   Redirected URL = null
          Cookies = []

MockHttpServletRequest:
      HTTP Method = PUT
      Request URI = /me/profile
       Parameters = {}
          Headers = [Content-Type:"application/json", Content-Length:"160"]
             Body = <no character encoding set>
    Session Attrs = {}

Handler:
             Type = com.estim.javaapi.controllers.ProfileController
           Method = com.estim.javaapi.controllers.ProfileController#updateProfile(String, UpdateUserProfileRequest)

Async:
    Async started = false
     Async result = null

Resolved Exception:
             Type = null

ModelAndView:
        View name = null
             View = null
            Model = null

FlashMap:
       Attributes = null

MockHttpServletResponse:
           Status = 400
    Error message = null
          Headers = [Content-Type:"application/json"]
     Content type = application/json
             Body = {"code":"PROFILE_UPDATE_FAILED","message":"Missing Authorization header","details":null}
    Forwarded URL = null
   Redirected URL = null
          Cookies = []
]]></system-out>
  <system-err><![CDATA[]]></system-err>
</testsuite>
