<?xml version="1.0" encoding="UTF-8"?>
<testsuite name="POST /auth/password/reset" tests="3" skipped="0" failures="0" errors="0" timestamp="2025-11-18T05:38:10.007Z" hostname="DESKTOP-T5D8MHC" time="0.026">
  <properties/>
  <testcase name="should reset password successfully and return success response" classname="com.estim.javaapi.controllers.PasswordControllerTest$ResetPasswordTests" time="0.012"/>
  <testcase name="should return 400 RESET_FAILED when service throws IllegalArgumentException" classname="com.estim.javaapi.controllers.PasswordControllerTest$ResetPasswordTests" time="0.007"/>
  <testcase name="should return 400 RESET_FAILED when service throws IllegalStateException (e.g. expired token)" classname="com.estim.javaapi.controllers.PasswordControllerTest$ResetPasswordTests" time="0.006"/>
  <system-out><![CDATA[2025-11-18T00:38:09.336-05:00  INFO 182498 --- [java-api] [    Test worker] t.c.s.AnnotationConfigContextLoaderUtils : Could not detect default configuration classes for test class [com.estim.javaapi.controllers.PasswordControllerTest$ResetPasswordTests]: ResetPasswordTests does not declare any static, non-private, non-final, nested classes annotated with @Configuration.
2025-11-18T00:38:09.338-05:00  INFO 182498 --- [java-api] [    Test worker] .b.t.c.SpringBootTestContextBootstrapper : Found @SpringBootConfiguration com.estim.javaapi.JavaApiApplication for test class com.estim.javaapi.controllers.PasswordControllerTest$ResetPasswordTests

  .   ____          _            __ _ _
 /\\ / ___'_ __ _ _(_)_ __  __ _ \ \ \ \
( ( )\___ | '_ | '_| | '_ \/ _` | \ \ \ \
 \\/  ___)| |_)| | | | | || (_| |  ) ) ) )
  '  |____| .__|_| |_|_| |_\__, | / / / /
 =========|_|==============|___/=/_/_/_/

 :: Spring Boot ::                (v3.5.7)

2025-11-18T00:38:09.356-05:00  INFO 182498 --- [java-api] [    Test worker] c.e.j.c.PasswordControllerTest           : Starting PasswordControllerTest using Java 21.0.8 with PID 182498 (started by jujgomezru in /home/jujgomezru/unal/ingenieriaDeSoftwareII/ESTIM/Final-Project/apps/java-backend)
2025-11-18T00:38:09.356-05:00  INFO 182498 --- [java-api] [    Test worker] c.e.j.c.PasswordControllerTest           : No active profile set, falling back to 1 default profile: "default"
2025-11-18T00:38:09.508-05:00  INFO 182498 --- [java-api] [    Test worker] .s.d.r.c.RepositoryConfigurationDelegate : Bootstrapping Spring Data JPA repositories in DEFAULT mode.
2025-11-18T00:38:09.516-05:00  INFO 182498 --- [java-api] [    Test worker] .s.d.r.c.RepositoryConfigurationDelegate : Finished Spring Data repository scanning in 5 ms. Found 2 JPA repository interfaces.
2025-11-18T00:38:09.706-05:00  INFO 182498 --- [java-api] [    Test worker] o.hibernate.jpa.internal.util.LogHelper  : HHH000204: Processing PersistenceUnitInfo [name: default]
2025-11-18T00:38:09.708-05:00  INFO 182498 --- [java-api] [    Test worker] o.h.c.internal.RegionFactoryInitiator    : HHH000026: Second-level cache disabled
2025-11-18T00:38:09.715-05:00  INFO 182498 --- [java-api] [    Test worker] o.s.o.j.p.SpringPersistenceUnitInfo      : No LoadTimeWeaver setup: ignoring JPA class transformer
2025-11-18T00:38:09.716-05:00  INFO 182498 --- [java-api] [    Test worker] com.zaxxer.hikari.HikariDataSource       : HikariPool-3 - Starting...
2025-11-18T00:38:09.732-05:00  INFO 182498 --- [java-api] [    Test worker] com.zaxxer.hikari.pool.HikariPool        : HikariPool-3 - Added connection org.postgresql.jdbc.PgConnection@717d3b2b
2025-11-18T00:38:09.733-05:00  INFO 182498 --- [java-api] [    Test worker] com.zaxxer.hikari.HikariDataSource       : HikariPool-3 - Start completed.
2025-11-18T00:38:09.738-05:00  WARN 182498 --- [java-api] [    Test worker] org.hibernate.orm.deprecation            : HHH90000025: PostgreSQLDialect does not need to be specified explicitly using 'hibernate.dialect' (remove the property setting and it will be selected by default)
2025-11-18T00:38:09.740-05:00  INFO 182498 --- [java-api] [    Test worker] org.hibernate.orm.connections.pooling    : HHH10001005: Database info:
	Database JDBC URL [Connecting through datasource 'HikariDataSource (HikariPool-3)']
	Database driver: undefined/unknown
	Database version: 16.10
	Autocommit mode: undefined/unknown
	Isolation level: undefined/unknown
	Minimum pool size: undefined/unknown
	Maximum pool size: undefined/unknown
2025-11-18T00:38:09.793-05:00  INFO 182498 --- [java-api] [    Test worker] o.h.e.t.j.p.i.JtaPlatformInitiator       : HHH000489: No JTA platform available (set 'hibernate.transaction.jta.platform' to enable JTA platform integration)
2025-11-18T00:38:09.793-05:00  INFO 182498 --- [java-api] [    Test worker] j.LocalContainerEntityManagerFactoryBean : Initialized JPA EntityManagerFactory for persistence unit 'default'
2025-11-18T00:38:09.864-05:00  WARN 182498 --- [java-api] [    Test worker] JpaBaseConfiguration$JpaWebConfiguration : spring.jpa.open-in-view is enabled by default. Therefore, database queries may be performed during view rendering. Explicitly configure spring.jpa.open-in-view to disable this warning
2025-11-18T00:38:09.988-05:00  INFO 182498 --- [java-api] [    Test worker] o.s.b.t.m.w.SpringBootMockServletContext : Initializing Spring TestDispatcherServlet ''
2025-11-18T00:38:09.988-05:00  INFO 182498 --- [java-api] [    Test worker] o.s.t.web.servlet.TestDispatcherServlet  : Initializing Servlet ''
2025-11-18T00:38:09.990-05:00  INFO 182498 --- [java-api] [    Test worker] o.s.b.a.e.web.EndpointLinksResolver      : Exposing 1 endpoint beneath base path '/actuator'
2025-11-18T00:38:09.994-05:00  INFO 182498 --- [java-api] [    Test worker] o.s.t.web.servlet.TestDispatcherServlet  : Completed initialization in 6 ms
2025-11-18T00:38:10.005-05:00  INFO 182498 --- [java-api] [    Test worker] c.e.j.c.PasswordControllerTest           : Started PasswordControllerTest in 0.665 seconds (process running for 9.555)

MockHttpServletRequest:
      HTTP Method = POST
      Request URI = /auth/password/reset
       Parameters = {}
          Headers = [Content-Type:"application/json", Content-Length:"61"]
             Body = <no character encoding set>
    Session Attrs = {}

Handler:
             Type = com.estim.javaapi.controllers.PasswordController
           Method = com.estim.javaapi.controllers.PasswordController#reset(PasswordResetPerformRequest)

Async:
    Async started = false
     Async result = null

Resolved Exception:
             Type = null

ModelAndView:
        View name = null
             View = null
            Model = null

FlashMap:
       Attributes = null

MockHttpServletResponse:
           Status = 200
    Error message = null
          Headers = [Content-Type:"application/json"]
     Content type = application/json
             Body = {"success":true,"message":"Password has been reset successfully."}
    Forwarded URL = null
   Redirected URL = null
          Cookies = []

MockHttpServletRequest:
      HTTP Method = POST
      Request URI = /auth/password/reset
       Parameters = {}
          Headers = [Content-Type:"application/json", Content-Length:"58"]
             Body = <no character encoding set>
    Session Attrs = {}

Handler:
             Type = com.estim.javaapi.controllers.PasswordController
           Method = com.estim.javaapi.controllers.PasswordController#reset(PasswordResetPerformRequest)

Async:
    Async started = false
     Async result = null

Resolved Exception:
             Type = null

ModelAndView:
        View name = null
             View = null
            Model = null

FlashMap:
       Attributes = null

MockHttpServletResponse:
           Status = 400
    Error message = null
          Headers = [Content-Type:"application/json"]
     Content type = application/json
             Body = {"code":"RESET_FAILED","message":"Invalid token","details":null}
    Forwarded URL = null
   Redirected URL = null
          Cookies = []

MockHttpServletRequest:
      HTTP Method = POST
      Request URI = /auth/password/reset
       Parameters = {}
          Headers = [Content-Type:"application/json", Content-Length:"58"]
             Body = <no character encoding set>
    Session Attrs = {}

Handler:
             Type = com.estim.javaapi.controllers.PasswordController
           Method = com.estim.javaapi.controllers.PasswordController#reset(PasswordResetPerformRequest)

Async:
    Async started = false
     Async result = null

Resolved Exception:
             Type = null

ModelAndView:
        View name = null
             View = null
            Model = null

FlashMap:
       Attributes = null

MockHttpServletResponse:
           Status = 400
    Error message = null
          Headers = [Content-Type:"application/json"]
     Content type = application/json
             Body = {"code":"RESET_FAILED","message":"Token has expired","details":null}
    Forwarded URL = null
   Redirected URL = null
          Cookies = []
]]></system-out>
  <system-err><![CDATA[]]></system-err>
</testsuite>
