<?xml version="1.0" encoding="UTF-8"?>
<testsuite name="com.estim.javaapi.controllers.AuthControllerTest" tests="0" skipped="0" failures="0" errors="0" timestamp="1970-01-01T00:00:00Z" hostname="DESKTOP-T5D8MHC" time="0.0">
  <properties/>
  <system-out><![CDATA[00:38:01.595 [Test worker] INFO org.springframework.test.context.support.AnnotationConfigContextLoaderUtils -- Could not detect default configuration classes for test class [com.estim.javaapi.controllers.AuthControllerTest]: AuthControllerTest does not declare any static, non-private, non-final, nested classes annotated with @Configuration.
00:38:01.770 [Test worker] INFO org.springframework.boot.test.context.SpringBootTestContextBootstrapper -- Found @SpringBootConfiguration com.estim.javaapi.JavaApiApplication for test class com.estim.javaapi.controllers.AuthControllerTest
]]></system-out>
  <system-err><![CDATA[]]></system-err>
</testsuite>
