<?xml version="1.0" encoding="UTF-8"?>
<testsuite name="POST /auth/login" tests="3" skipped="0" failures="0" errors="0" timestamp="2025-11-19T15:43:09.909Z" hostname="DESKTOP-T5D8MHC" time="0.197">
  <properties/>
  <testcase name="should return 401 AUTH_FAILED when authentication fails with IllegalArgumentException" classname="com.estim.javaapi.controllers.AuthControllerTest$LoginTests" time="0.052"/>
  <testcase name="should return 401 AUTH_FAILED when authentication fails with IllegalStateException" classname="com.estim.javaapi.controllers.AuthControllerTest$LoginTests" time="0.016"/>
  <testcase name="should authenticate user, call AuthenticateUserService with correct command and return 200 + LoginResponse" classname="com.estim.javaapi.controllers.AuthControllerTest$LoginTests" time="0.122"/>
  <system-out><![CDATA[2025-11-19T10:43:09.902-05:00  INFO 56381 --- [java-api] [    Test worker] t.c.s.AnnotationConfigContextLoaderUtils : Could not detect default configuration classes for test class [com.estim.javaapi.controllers.AuthControllerTest$LoginTests]: LoginTests does not declare any static, non-private, non-final, nested classes annotated with @Configuration.
2025-11-19T10:43:09.905-05:00  INFO 56381 --- [java-api] [    Test worker] .b.t.c.SpringBootTestContextBootstrapper : Found @SpringBootConfiguration com.estim.javaapi.JavaApiApplication for test class com.estim.javaapi.controllers.AuthControllerTest$LoginTests

MockHttpServletRequest:
      HTTP Method = POST
      Request URI = /auth/login
       Parameters = {}
          Headers = [Content-Type:"application/json", Content-Length:"56"]
             Body = <no character encoding set>
    Session Attrs = {}

Handler:
             Type = com.estim.javaapi.controllers.AuthController
           Method = com.estim.javaapi.controllers.AuthController#login(LoginRequest)

Async:
    Async started = false
     Async result = null

Resolved Exception:
             Type = null

ModelAndView:
        View name = null
             View = null
            Model = null

FlashMap:
       Attributes = null

MockHttpServletResponse:
           Status = 401
    Error message = null
          Headers = [Content-Type:"application/json"]
     Content type = application/json
             Body = {"code":"AUTH_FAILED","message":"Invalid credentials","details":null}
    Forwarded URL = null
   Redirected URL = null
          Cookies = []

MockHttpServletRequest:
      HTTP Method = POST
      Request URI = /auth/login
       Parameters = {}
          Headers = [Content-Type:"application/json", Content-Length:"56"]
             Body = <no character encoding set>
    Session Attrs = {}

Handler:
             Type = com.estim.javaapi.controllers.AuthController
           Method = com.estim.javaapi.controllers.AuthController#login(LoginRequest)

Async:
    Async started = false
     Async result = null

Resolved Exception:
             Type = null

ModelAndView:
        View name = null
             View = null
            Model = null

FlashMap:
       Attributes = null

MockHttpServletResponse:
           Status = 401
    Error message = null
          Headers = [Content-Type:"application/json"]
     Content type = application/json
             Body = {"code":"AUTH_FAILED","message":"User disabled","details":null}
    Forwarded URL = null
   Redirected URL = null
          Cookies = []

MockHttpServletRequest:
      HTTP Method = POST
      Request URI = /auth/login
       Parameters = {}
          Headers = [Content-Type:"application/json", Content-Length:"56"]
             Body = <no character encoding set>
    Session Attrs = {}

Handler:
             Type = com.estim.javaapi.controllers.AuthController
           Method = com.estim.javaapi.controllers.AuthController#login(LoginRequest)

Async:
    Async started = false
     Async result = null

Resolved Exception:
             Type = null

ModelAndView:
        View name = null
             View = null
            Model = null

FlashMap:
       Attributes = null

MockHttpServletResponse:
           Status = 200
    Error message = null
          Headers = [Content-Type:"application/json"]
     Content type = application/json
             Body = {"accessToken":"access-token-123","refreshToken":"refresh-token-456","user":{"userId":"user-123","email":"john@example.com","displayName":"John Doe","emailVerified":true}}
    Forwarded URL = null
   Redirected URL = null
          Cookies = []
]]></system-out>
  <system-err><![CDATA[]]></system-err>
</testsuite>
