<?xml version="1.0" encoding="UTF-8"?>
<testsuite name="POST /auth/password/reset-request" tests="2" skipped="0" failures="0" errors="0" timestamp="2025-11-30T19:18:46.437Z" hostname="DESKTOP-T5D8MHC" time="0.033">
  <properties/>
  <testcase name="should return 400 RESET_REQUEST_FAILED when service throws IllegalArgumentException" classname="com.estim.javaapi.controllers.PasswordControllerTest$RequestResetTests" time="0.017"/>
  <testcase name="should request password reset and return generic success response" classname="com.estim.javaapi.controllers.PasswordControllerTest$RequestResetTests" time="0.013"/>
  <system-out><![CDATA[2025-11-30T14:18:46.429-05:00  INFO 21835 --- [java-api] [    Test worker] t.c.s.AnnotationConfigContextLoaderUtils : Could not detect default configuration classes for test class [com.estim.javaapi.controllers.PasswordControllerTest$RequestResetTests]: RequestResetTests does not declare any static, non-private, non-final, nested classes annotated with @Configuration.
2025-11-30T14:18:46.432-05:00  INFO 21835 --- [java-api] [    Test worker] .b.t.c.SpringBootTestContextBootstrapper : Found @SpringBootConfiguration com.estim.javaapi.JavaApiApplication for test class com.estim.javaapi.controllers.PasswordControllerTest$RequestResetTests

MockHttpServletRequest:
      HTTP Method = POST
      Request URI = /auth/password/reset-request
       Parameters = {}
          Headers = [Content-Type:"application/json", Content-Length:"24"]
             Body = <no character encoding set>
    Session Attrs = {}

Handler:
             Type = com.estim.javaapi.controllers.PasswordController
           Method = com.estim.javaapi.controllers.PasswordController#requestReset(PasswordResetRequest)

Async:
    Async started = false
     Async result = null

Resolved Exception:
             Type = null

ModelAndView:
        View name = null
             View = null
            Model = null

FlashMap:
       Attributes = null

MockHttpServletResponse:
           Status = 400
    Error message = null
          Headers = [Content-Type:"application/json"]
     Content type = application/json
             Body = {"code":"RESET_REQUEST_FAILED","message":"Invalid email","details":null}
    Forwarded URL = null
   Redirected URL = null
          Cookies = []

MockHttpServletRequest:
      HTTP Method = POST
      Request URI = /auth/password/reset-request
       Parameters = {}
          Headers = [Content-Type:"application/json", Content-Length:"28"]
             Body = <no character encoding set>
    Session Attrs = {}

Handler:
             Type = com.estim.javaapi.controllers.PasswordController
           Method = com.estim.javaapi.controllers.PasswordController#requestReset(PasswordResetRequest)

Async:
    Async started = false
     Async result = null

Resolved Exception:
             Type = null

ModelAndView:
        View name = null
             View = null
            Model = null

FlashMap:
       Attributes = null

MockHttpServletResponse:
           Status = 200
    Error message = null
          Headers = [Content-Type:"application/json"]
     Content type = application/json
             Body = {"success":true,"message":"If an account exists for that email, a reset link has been sent."}
    Forwarded URL = null
   Redirected URL = null
          Cookies = []
]]></system-out>
  <system-err><![CDATA[]]></system-err>
</testsuite>
