<?xml version="1.0" encoding="UTF-8"?>
<testsuite name="POST /me/payment-methods" tests="3" skipped="0" failures="0" errors="0" timestamp="2025-11-17T18:01:01.728Z" hostname="DESKTOP-T5D8MHC" time="0.029">
  <properties/>
  <testcase name="should return 400 PAYMENT_METHOD_ADD_FAILED when add service throws IllegalArgumentException" classname="com.estim.javaapi.controllers.PaymentMethodControllerTest$AddPaymentMethodTests" time="0.01"/>
  <testcase name="should return 400 PAYMENT_METHOD_ADD_FAILED when auth fails" classname="com.estim.javaapi.controllers.PaymentMethodControllerTest$AddPaymentMethodTests" time="0.007"/>
  <testcase name="should add payment method for authenticated user and return 201" classname="com.estim.javaapi.controllers.PaymentMethodControllerTest$AddPaymentMethodTests" time="0.009"/>
  <system-out><![CDATA[2025-11-17T13:01:01.725-05:00  INFO 32654 --- [java-api] [    Test worker] t.c.s.AnnotationConfigContextLoaderUtils : Could not detect default configuration classes for test class [com.estim.javaapi.controllers.PaymentMethodControllerTest$AddPaymentMethodTests]: AddPaymentMethodTests does not declare any static, non-private, non-final, nested classes annotated with @Configuration.
2025-11-17T13:01:01.727-05:00  INFO 32654 --- [java-api] [    Test worker] .b.t.c.SpringBootTestContextBootstrapper : Found @SpringBootConfiguration com.estim.javaapi.JavaApiApplication for test class com.estim.javaapi.controllers.PaymentMethodControllerTest$AddPaymentMethodTests

MockHttpServletRequest:
      HTTP Method = POST
      Request URI = /me/payment-methods
       Parameters = {}
          Headers = [Content-Type:"application/json", Authorization:"Bearer valid-token", Content-Length:"63"]
             Body = <no character encoding set>
    Session Attrs = {}

Handler:
             Type = com.estim.javaapi.controllers.PaymentMethodController
           Method = com.estim.javaapi.controllers.PaymentMethodController#add(String, PaymentMethodRequest)

Async:
    Async started = false
     Async result = null

Resolved Exception:
             Type = null

ModelAndView:
        View name = null
             View = null
            Model = null

FlashMap:
       Attributes = null

MockHttpServletResponse:
           Status = 400
    Error message = null
          Headers = [Content-Type:"application/json"]
     Content type = application/json
             Body = {"code":"PAYMENT_METHOD_ADD_FAILED","message":"Invalid provider","details":null}
    Forwarded URL = null
   Redirected URL = null
          Cookies = []

MockHttpServletRequest:
      HTTP Method = POST
      Request URI = /me/payment-methods
       Parameters = {}
          Headers = [Content-Type:"application/json", Content-Length:"67"]
             Body = <no character encoding set>
    Session Attrs = {}

Handler:
             Type = com.estim.javaapi.controllers.PaymentMethodController
           Method = com.estim.javaapi.controllers.PaymentMethodController#add(String, PaymentMethodRequest)

Async:
    Async started = false
     Async result = null

Resolved Exception:
             Type = null

ModelAndView:
        View name = null
             View = null
            Model = null

FlashMap:
       Attributes = null

MockHttpServletResponse:
           Status = 400
    Error message = null
          Headers = [Content-Type:"application/json"]
     Content type = application/json
             Body = {"code":"PAYMENT_METHOD_ADD_FAILED","message":"Missing Authorization header","details":null}
    Forwarded URL = null
   Redirected URL = null
          Cookies = []

MockHttpServletRequest:
      HTTP Method = POST
      Request URI = /me/payment-methods
       Parameters = {}
          Headers = [Content-Type:"application/json", Authorization:"Bearer valid-token", Content-Length:"74"]
             Body = <no character encoding set>
    Session Attrs = {}

Handler:
             Type = com.estim.javaapi.controllers.PaymentMethodController
           Method = com.estim.javaapi.controllers.PaymentMethodController#add(String, PaymentMethodRequest)

Async:
    Async started = false
     Async result = null

Resolved Exception:
             Type = null

ModelAndView:
        View name = null
             View = null
            Model = null

FlashMap:
       Attributes = null

MockHttpServletResponse:
           Status = 201
    Error message = null
          Headers = []
     Content type = null
             Body = 
    Forwarded URL = null
   Redirected URL = null
          Cookies = []
]]></system-out>
  <system-err><![CDATA[]]></system-err>
</testsuite>
