<?xml version="1.0" encoding="UTF-8"?>
<testsuite name="POST /auth/oauth/login" tests="3" skipped="0" failures="0" errors="0" timestamp="2025-11-18T05:38:09.224Z" hostname="DESKTOP-T5D8MHC" time="0.05">
  <properties/>
  <testcase name="should return 401 OAUTH_LOGIN_FAILED when service throws IllegalStateException" classname="com.estim.javaapi.controllers.OAuthControllerTest$OAuthLoginTests" time="0.016"/>
  <testcase name="should return 401 OAUTH_LOGIN_FAILED when service throws IllegalArgumentException" classname="com.estim.javaapi.controllers.OAuthControllerTest$OAuthLoginTests" time="0.014"/>
  <testcase name="should login with OAuth provider and return LoginResponse" classname="com.estim.javaapi.controllers.OAuthControllerTest$OAuthLoginTests" time="0.017"/>
  <system-out><![CDATA[2025-11-18T00:38:08.505-05:00  INFO 182498 --- [java-api] [    Test worker] t.c.s.AnnotationConfigContextLoaderUtils : Could not detect default configuration classes for test class [com.estim.javaapi.controllers.OAuthControllerTest$OAuthLoginTests]: OAuthLoginTests does not declare any static, non-private, non-final, nested classes annotated with @Configuration.
2025-11-18T00:38:08.507-05:00  INFO 182498 --- [java-api] [    Test worker] .b.t.c.SpringBootTestContextBootstrapper : Found @SpringBootConfiguration com.estim.javaapi.JavaApiApplication for test class com.estim.javaapi.controllers.OAuthControllerTest$OAuthLoginTests

  .   ____          _            __ _ _
 /\\ / ___'_ __ _ _(_)_ __  __ _ \ \ \ \
( ( )\___ | '_ | '_| | '_ \/ _` | \ \ \ \
 \\/  ___)| |_)| | | | | || (_| |  ) ) ) )
  '  |____| .__|_| |_|_| |_\__, | / / / /
 =========|_|==============|___/=/_/_/_/

 :: Spring Boot ::                (v3.5.7)

2025-11-18T00:38:08.535-05:00  INFO 182498 --- [java-api] [    Test worker] c.e.j.controllers.OAuthControllerTest    : Starting OAuthControllerTest using Java 21.0.8 with PID 182498 (started by jujgomezru in /home/jujgomezru/unal/ingenieriaDeSoftwareII/ESTIM/Final-Project/apps/java-backend)
2025-11-18T00:38:08.535-05:00  INFO 182498 --- [java-api] [    Test worker] c.e.j.controllers.OAuthControllerTest    : No active profile set, falling back to 1 default profile: "default"
2025-11-18T00:38:08.695-05:00  INFO 182498 --- [java-api] [    Test worker] .s.d.r.c.RepositoryConfigurationDelegate : Bootstrapping Spring Data JPA repositories in DEFAULT mode.
2025-11-18T00:38:08.700-05:00  INFO 182498 --- [java-api] [    Test worker] .s.d.r.c.RepositoryConfigurationDelegate : Finished Spring Data repository scanning in 3 ms. Found 2 JPA repository interfaces.
2025-11-18T00:38:08.918-05:00  INFO 182498 --- [java-api] [    Test worker] o.hibernate.jpa.internal.util.LogHelper  : HHH000204: Processing PersistenceUnitInfo [name: default]
2025-11-18T00:38:08.921-05:00  INFO 182498 --- [java-api] [    Test worker] o.h.c.internal.RegionFactoryInitiator    : HHH000026: Second-level cache disabled
2025-11-18T00:38:08.928-05:00  INFO 182498 --- [java-api] [    Test worker] o.s.o.j.p.SpringPersistenceUnitInfo      : No LoadTimeWeaver setup: ignoring JPA class transformer
2025-11-18T00:38:08.929-05:00  INFO 182498 --- [java-api] [    Test worker] com.zaxxer.hikari.HikariDataSource       : HikariPool-2 - Starting...
2025-11-18T00:38:08.947-05:00  INFO 182498 --- [java-api] [    Test worker] com.zaxxer.hikari.pool.HikariPool        : HikariPool-2 - Added connection org.postgresql.jdbc.PgConnection@2b8df4bc
2025-11-18T00:38:08.947-05:00  INFO 182498 --- [java-api] [    Test worker] com.zaxxer.hikari.HikariDataSource       : HikariPool-2 - Start completed.
2025-11-18T00:38:08.951-05:00  WARN 182498 --- [java-api] [    Test worker] org.hibernate.orm.deprecation            : HHH90000025: PostgreSQLDialect does not need to be specified explicitly using 'hibernate.dialect' (remove the property setting and it will be selected by default)
2025-11-18T00:38:08.953-05:00  INFO 182498 --- [java-api] [    Test worker] org.hibernate.orm.connections.pooling    : HHH10001005: Database info:
	Database JDBC URL [Connecting through datasource 'HikariDataSource (HikariPool-2)']
	Database driver: undefined/unknown
	Database version: 16.10
	Autocommit mode: undefined/unknown
	Isolation level: undefined/unknown
	Minimum pool size: undefined/unknown
	Maximum pool size: undefined/unknown
2025-11-18T00:38:09.000-05:00  INFO 182498 --- [java-api] [    Test worker] o.h.e.t.j.p.i.JtaPlatformInitiator       : HHH000489: No JTA platform available (set 'hibernate.transaction.jta.platform' to enable JTA platform integration)
2025-11-18T00:38:09.000-05:00  INFO 182498 --- [java-api] [    Test worker] j.LocalContainerEntityManagerFactoryBean : Initialized JPA EntityManagerFactory for persistence unit 'default'
2025-11-18T00:38:09.091-05:00  WARN 182498 --- [java-api] [    Test worker] JpaBaseConfiguration$JpaWebConfiguration : spring.jpa.open-in-view is enabled by default. Therefore, database queries may be performed during view rendering. Explicitly configure spring.jpa.open-in-view to disable this warning
2025-11-18T00:38:09.200-05:00  INFO 182498 --- [java-api] [    Test worker] o.s.b.t.m.w.SpringBootMockServletContext : Initializing Spring TestDispatcherServlet ''
2025-11-18T00:38:09.200-05:00  INFO 182498 --- [java-api] [    Test worker] o.s.t.web.servlet.TestDispatcherServlet  : Initializing Servlet ''
2025-11-18T00:38:09.202-05:00  INFO 182498 --- [java-api] [    Test worker] o.s.b.a.e.web.EndpointLinksResolver      : Exposing 1 endpoint beneath base path '/actuator'
2025-11-18T00:38:09.207-05:00  INFO 182498 --- [java-api] [    Test worker] o.s.t.web.servlet.TestDispatcherServlet  : Completed initialization in 7 ms
2025-11-18T00:38:09.221-05:00  INFO 182498 --- [java-api] [    Test worker] c.e.j.controllers.OAuthControllerTest    : Started OAuthControllerTest in 0.71 seconds (process running for 8.771)

MockHttpServletRequest:
      HTTP Method = POST
      Request URI = /auth/oauth/login
       Parameters = {}
          Headers = [Content-Type:"application/json", Content-Length:"118"]
             Body = <no character encoding set>
    Session Attrs = {}

Handler:
             Type = com.estim.javaapi.controllers.OAuthController
           Method = com.estim.javaapi.controllers.OAuthController#loginWithOAuth(OAuthLoginRequest)

Async:
    Async started = false
     Async result = null

Resolved Exception:
             Type = null

ModelAndView:
        View name = null
             View = null
            Model = null

FlashMap:
       Attributes = null

MockHttpServletResponse:
           Status = 401
    Error message = null
          Headers = [Content-Type:"application/json"]
     Content type = application/json
             Body = {"code":"OAUTH_LOGIN_FAILED","message":"OAuth account not linked","details":null}
    Forwarded URL = null
   Redirected URL = null
          Cookies = []

MockHttpServletRequest:
      HTTP Method = POST
      Request URI = /auth/oauth/login
       Parameters = {}
          Headers = [Content-Type:"application/json", Content-Length:"107"]
             Body = <no character encoding set>
    Session Attrs = {}

Handler:
             Type = com.estim.javaapi.controllers.OAuthController
           Method = com.estim.javaapi.controllers.OAuthController#loginWithOAuth(OAuthLoginRequest)

Async:
    Async started = false
     Async result = null

Resolved Exception:
             Type = null

ModelAndView:
        View name = null
             View = null
            Model = null

FlashMap:
       Attributes = null

MockHttpServletResponse:
           Status = 401
    Error message = null
          Headers = [Content-Type:"application/json"]
     Content type = application/json
             Body = {"code":"OAUTH_LOGIN_FAILED","message":"Invalid OAuth token","details":null}
    Forwarded URL = null
   Redirected URL = null
          Cookies = []

MockHttpServletRequest:
      HTTP Method = POST
      Request URI = /auth/oauth/login
       Parameters = {}
          Headers = [Content-Type:"application/json", Content-Length:"109"]
             Body = <no character encoding set>
    Session Attrs = {}

Handler:
             Type = com.estim.javaapi.controllers.OAuthController
           Method = com.estim.javaapi.controllers.OAuthController#loginWithOAuth(OAuthLoginRequest)

Async:
    Async started = false
     Async result = null

Resolved Exception:
             Type = null

ModelAndView:
        View name = null
             View = null
            Model = null

FlashMap:
       Attributes = null

MockHttpServletResponse:
           Status = 200
    Error message = null
          Headers = [Content-Type:"application/json"]
     Content type = application/json
             Body = {"accessToken":"access-token-123","refreshToken":"refresh-token-456","user":{"userId":"user-123","email":"john@example.com","displayName":"John Doe","emailVerified":true}}
    Forwarded URL = null
   Redirected URL = null
          Cookies = []
]]></system-out>
  <system-err><![CDATA[]]></system-err>
</testsuite>
