<?xml version="1.0" encoding="UTF-8"?>
<testsuite name="GET /auth/me" tests="4" skipped="0" failures="0" errors="0" timestamp="2025-11-19T15:43:09.347Z" hostname="DESKTOP-T5D8MHC" time="0.458">
  <properties/>
  <testcase name="should return 401 AUTH_FAILED when authenticationProvider throws IllegalArgumentException" classname="com.estim.javaapi.controllers.AuthControllerTest$MeTests" time="0.193"/>
  <testcase name="should return 401 AUTH_FAILED when Authorization header is missing" classname="com.estim.javaapi.controllers.AuthControllerTest$MeTests" time="0.017"/>
  <testcase name="should return 401 AUTH_FAILED when SecurityContext has no current user" classname="com.estim.javaapi.controllers.AuthControllerTest$MeTests" time="0.015"/>
  <testcase name="should authenticate from Authorization header, read current user from SecurityContext and return 200 + CurrentUserResponse" classname="com.estim.javaapi.controllers.AuthControllerTest$MeTests" time="0.225"/>
  <system-out><![CDATA[10:43:03.222 [Test worker] INFO org.springframework.test.context.support.AnnotationConfigContextLoaderUtils -- Could not detect default configuration classes for test class [com.estim.javaapi.controllers.AuthControllerTest$MeTests]: MeTests does not declare any static, non-private, non-final, nested classes annotated with @Configuration.
10:43:03.229 [Test worker] INFO org.springframework.boot.test.context.SpringBootTestContextBootstrapper -- Found @SpringBootConfiguration com.estim.javaapi.JavaApiApplication for test class com.estim.javaapi.controllers.AuthControllerTest$MeTests

  .   ____          _            __ _ _
 /\\ / ___'_ __ _ _(_)_ __  __ _ \ \ \ \
( ( )\___ | '_ | '_| | '_ \/ _` | \ \ \ \
 \\/  ___)| |_)| | | | | || (_| |  ) ) ) )
  '  |____| .__|_| |_|_| |_\__, | / / / /
 =========|_|==============|___/=/_/_/_/

 :: Spring Boot ::                (v3.5.7)

2025-11-19T10:43:03.632-05:00  INFO 56381 --- [java-api] [    Test worker] c.e.j.controllers.AuthControllerTest     : Starting AuthControllerTest using Java 21.0.8 with PID 56381 (started by jujgomezru in /home/jujgomezru/unal/ingenieriaDeSoftwareII/ESTIM/Final-Project/apps/java-backend)
2025-11-19T10:43:03.635-05:00  INFO 56381 --- [java-api] [    Test worker] c.e.j.controllers.AuthControllerTest     : No active profile set, falling back to 1 default profile: "default"
2025-11-19T10:43:04.433-05:00  INFO 56381 --- [java-api] [    Test worker] .s.d.r.c.RepositoryConfigurationDelegate : Bootstrapping Spring Data JPA repositories in DEFAULT mode.
2025-11-19T10:43:04.503-05:00  INFO 56381 --- [java-api] [    Test worker] .s.d.r.c.RepositoryConfigurationDelegate : Finished Spring Data repository scanning in 57 ms. Found 4 JPA repository interfaces.
2025-11-19T10:43:05.558-05:00  INFO 56381 --- [java-api] [    Test worker] o.hibernate.jpa.internal.util.LogHelper  : HHH000204: Processing PersistenceUnitInfo [name: default]
2025-11-19T10:43:05.609-05:00  INFO 56381 --- [java-api] [    Test worker] org.hibernate.Version                    : HHH000412: Hibernate ORM core version 6.6.33.Final
2025-11-19T10:43:05.643-05:00  INFO 56381 --- [java-api] [    Test worker] o.h.c.internal.RegionFactoryInitiator    : HHH000026: Second-level cache disabled
2025-11-19T10:43:05.749-05:00  INFO 56381 --- [java-api] [    Test worker] o.s.o.j.p.SpringPersistenceUnitInfo      : No LoadTimeWeaver setup: ignoring JPA class transformer
2025-11-19T10:43:05.789-05:00  INFO 56381 --- [java-api] [    Test worker] com.zaxxer.hikari.HikariDataSource       : HikariPool-1 - Starting...
2025-11-19T10:43:05.950-05:00  INFO 56381 --- [java-api] [    Test worker] com.zaxxer.hikari.pool.HikariPool        : HikariPool-1 - Added connection org.postgresql.jdbc.PgConnection@205b73d8
2025-11-19T10:43:05.952-05:00  INFO 56381 --- [java-api] [    Test worker] com.zaxxer.hikari.HikariDataSource       : HikariPool-1 - Start completed.
2025-11-19T10:43:05.981-05:00  WARN 56381 --- [java-api] [    Test worker] org.hibernate.orm.deprecation            : HHH90000025: PostgreSQLDialect does not need to be specified explicitly using 'hibernate.dialect' (remove the property setting and it will be selected by default)
2025-11-19T10:43:05.999-05:00  INFO 56381 --- [java-api] [    Test worker] org.hibernate.orm.connections.pooling    : HHH10001005: Database info:
	Database JDBC URL [Connecting through datasource 'HikariDataSource (HikariPool-1)']
	Database driver: undefined/unknown
	Database version: 16.10
	Autocommit mode: undefined/unknown
	Isolation level: undefined/unknown
	Minimum pool size: undefined/unknown
	Maximum pool size: undefined/unknown
2025-11-19T10:43:06.832-05:00  INFO 56381 --- [java-api] [    Test worker] o.h.e.t.j.p.i.JtaPlatformInitiator       : HHH000489: No JTA platform available (set 'hibernate.transaction.jta.platform' to enable JTA platform integration)
2025-11-19T10:43:06.835-05:00  INFO 56381 --- [java-api] [    Test worker] j.LocalContainerEntityManagerFactoryBean : Initialized JPA EntityManagerFactory for persistence unit 'default'
2025-11-19T10:43:07.246-05:00  INFO 56381 --- [java-api] [    Test worker] o.s.d.j.r.query.QueryEnhancerFactory     : Hibernate is in classpath; If applicable, HQL parser will be used.
2025-11-19T10:43:08.123-05:00  WARN 56381 --- [java-api] [    Test worker] JpaBaseConfiguration$JpaWebConfiguration : spring.jpa.open-in-view is enabled by default. Therefore, database queries may be performed during view rendering. Explicitly configure spring.jpa.open-in-view to disable this warning
2025-11-19T10:43:08.520-05:00  INFO 56381 --- [java-api] [    Test worker] o.s.b.a.e.web.EndpointLinksResolver      : Exposing 1 endpoint beneath base path '/actuator'
2025-11-19T10:43:08.557-05:00  WARN 56381 --- [java-api] [    Test worker] .s.s.UserDetailsServiceAutoConfiguration : 

Using generated security password: 2ec78652-ef1d-44a6-a58a-f632d4e27529

This generated password is for development use only. Your security configuration must be updated before running your application in production.

2025-11-19T10:43:08.565-05:00  INFO 56381 --- [java-api] [    Test worker] r$InitializeUserDetailsManagerConfigurer : Global AuthenticationManager configured with UserDetailsService bean with name inMemoryUserDetailsManager
2025-11-19T10:43:09.111-05:00  INFO 56381 --- [java-api] [    Test worker] o.s.b.t.m.w.SpringBootMockServletContext : Initializing Spring TestDispatcherServlet ''
2025-11-19T10:43:09.112-05:00  INFO 56381 --- [java-api] [    Test worker] o.s.t.web.servlet.TestDispatcherServlet  : Initializing Servlet ''
2025-11-19T10:43:09.115-05:00  INFO 56381 --- [java-api] [    Test worker] o.s.t.web.servlet.TestDispatcherServlet  : Completed initialization in 2 ms
2025-11-19T10:43:09.217-05:00  INFO 56381 --- [java-api] [    Test worker] c.e.j.controllers.AuthControllerTest     : Started AuthControllerTest in 5.95 seconds (process running for 8.793)

MockHttpServletRequest:
      HTTP Method = GET
      Request URI = /auth/me
       Parameters = {}
          Headers = [Authorization:"Bearer invalid"]
             Body = <no character encoding set>
    Session Attrs = {}

Handler:
             Type = com.estim.javaapi.controllers.AuthController
           Method = com.estim.javaapi.controllers.AuthController#me(String)

Async:
    Async started = false
     Async result = null

Resolved Exception:
             Type = null

ModelAndView:
        View name = null
             View = null
            Model = null

FlashMap:
       Attributes = null

MockHttpServletResponse:
           Status = 401
    Error message = null
          Headers = [Content-Type:"application/json"]
     Content type = application/json
             Body = {"code":"AUTH_FAILED","message":"Invalid token","details":null}
    Forwarded URL = null
   Redirected URL = null
          Cookies = []

MockHttpServletRequest:
      HTTP Method = GET
      Request URI = /auth/me
       Parameters = {}
          Headers = []
             Body = <no character encoding set>
    Session Attrs = {}

Handler:
             Type = com.estim.javaapi.controllers.AuthController
           Method = com.estim.javaapi.controllers.AuthController#me(String)

Async:
    Async started = false
     Async result = null

Resolved Exception:
             Type = null

ModelAndView:
        View name = null
             View = null
            Model = null

FlashMap:
       Attributes = null

MockHttpServletResponse:
           Status = 401
    Error message = null
          Headers = [Content-Type:"application/json"]
     Content type = application/json
             Body = {"code":"AUTH_FAILED","message":"Missing Authorization header","details":null}
    Forwarded URL = null
   Redirected URL = null
          Cookies = []

MockHttpServletRequest:
      HTTP Method = GET
      Request URI = /auth/me
       Parameters = {}
          Headers = [Authorization:"Bearer token-without-user"]
             Body = <no character encoding set>
    Session Attrs = {}

Handler:
             Type = com.estim.javaapi.controllers.AuthController
           Method = com.estim.javaapi.controllers.AuthController#me(String)

Async:
    Async started = false
     Async result = null

Resolved Exception:
             Type = null

ModelAndView:
        View name = null
             View = null
            Model = null

FlashMap:
       Attributes = null

MockHttpServletResponse:
           Status = 401
    Error message = null
          Headers = [Content-Type:"application/json"]
     Content type = application/json
             Body = {"code":"AUTH_FAILED","message":"No authenticated user","details":null}
    Forwarded URL = null
   Redirected URL = null
          Cookies = []

MockHttpServletRequest:
      HTTP Method = GET
      Request URI = /auth/me
       Parameters = {}
          Headers = [Authorization:"Bearer valid-token"]
             Body = <no character encoding set>
    Session Attrs = {}

Handler:
             Type = com.estim.javaapi.controllers.AuthController
           Method = com.estim.javaapi.controllers.AuthController#me(String)

Async:
    Async started = false
     Async result = null

Resolved Exception:
             Type = null

ModelAndView:
        View name = null
             View = null
            Model = null

FlashMap:
       Attributes = null

MockHttpServletResponse:
           Status = 200
    Error message = null
          Headers = [Content-Type:"application/json"]
     Content type = application/json
             Body = {"userId":"user-123","email":"john@example.com","displayName":"John Doe","avatarUrl":"https://example.com/avatar.png","emailVerified":true}
    Forwarded URL = null
   Redirected URL = null
          Cookies = []
]]></system-out>
  <system-err><![CDATA[]]></system-err>
</testsuite>
